<?xml version="1.0" encoding="UTF-8"?>
<coverage generated="1536086999350" clover="3.2.0">
  <project timestamp="1536086999350" name="All files">
    <metrics statements="114" coveredstatements="55" conditionals="193" coveredconditionals="93" methods="58" coveredmethods="18" elements="365" coveredelements="166" complexity="0" loc="114" ncloc="114" packages="3" files="5" classes="5">
      <package name="src">
        <metrics statements="20" coveredstatements="18" conditionals="56" coveredconditionals="27" methods="6" coveredmethods="6"/>
        <file name="app.controller.ts" path="C:\Users\ASUS\Desktop\Nest Js Documentation\prueba\src\app.controller.ts">
          <metrics statements="12" coveredstatements="11" conditionals="34" coveredconditionals="20" methods="4" coveredmethods="4"/>
          <line num="1" count="1" type="cond" truecount="2" falsecount="1"/>
          <line num="2" count="2" type="cond" truecount="3" falsecount="1"/>
          <line num="3" count="2" type="cond" truecount="3" falsecount="1"/>
          <line num="4" count="0" type="cond" truecount="0" falsecount="8"/>
          <line num="5" count="2" type="cond" truecount="3" falsecount="0"/>
          <line num="7" count="1" type="cond" truecount="2" falsecount="1"/>
          <line num="8" count="4" type="cond" truecount="3" falsecount="1"/>
          <line num="13" count="1" type="stmt"/>
          <line num="15" count="1" type="stmt"/>
          <line num="18" count="1" type="stmt"/>
          <line num="21" count="1" type="stmt"/>
          <line num="27" count="1" type="stmt"/>
        </file>
        <file name="app.service.ts" path="C:\Users\ASUS\Desktop\Nest Js Documentation\prueba\src\app.service.ts">
          <metrics statements="8" coveredstatements="7" conditionals="22" coveredconditionals="7" methods="2" coveredmethods="2"/>
          <line num="1" count="1" type="cond" truecount="2" falsecount="1"/>
          <line num="2" count="1" type="cond" truecount="1" falsecount="3"/>
          <line num="3" count="1" type="cond" truecount="3" falsecount="1"/>
          <line num="4" count="0" type="cond" truecount="0" falsecount="8"/>
          <line num="5" count="1" type="cond" truecount="1" falsecount="2"/>
          <line num="8" count="1" type="stmt"/>
          <line num="10" count="1" type="stmt"/>
          <line num="13" count="1" type="stmt"/>
        </file>
      </package>
      <package name="src.user">
        <metrics statements="85" coveredstatements="29" conditionals="108" coveredconditionals="52" methods="50" coveredmethods="10"/>
        <file name="usercontroller.ts" path="C:\Users\ASUS\Desktop\Nest Js Documentation\prueba\src\user\usercontroller.ts">
          <metrics statements="52" coveredstatements="17" conditionals="60" coveredconditionals="32" methods="29" coveredmethods="5"/>
          <line num="1" count="1" type="cond" truecount="2" falsecount="1"/>
          <line num="2" count="6" type="cond" truecount="3" falsecount="1"/>
          <line num="3" count="6" type="cond" truecount="3" falsecount="1"/>
          <line num="4" count="0" type="cond" truecount="0" falsecount="8"/>
          <line num="5" count="6" type="cond" truecount="3" falsecount="0"/>
          <line num="7" count="1" type="cond" truecount="2" falsecount="1"/>
          <line num="8" count="16" type="cond" truecount="3" falsecount="1"/>
          <line num="10" count="1" type="cond" truecount="2" falsecount="1"/>
          <line num="11" count="10" type="stmt"/>
          <line num="13" count="1" type="cond" truecount="2" falsecount="1"/>
          <line num="14" count="0" type="cond" truecount="0" falsecount="2"/>
          <line num="15" count="0" type="stmt"/>
          <line num="16" count="0" type="stmt"/>
          <line num="17" count="0" type="cond" truecount="0" falsecount="2"/>
          <line num="18" count="0" type="cond" truecount="0" falsecount="2"/>
          <line num="26" count="1" type="stmt"/>
          <line num="28" count="4" type="stmt"/>
          <line num="31" count="0" type="stmt"/>
          <line num="32" count="0" type="stmt"/>
          <line num="33" count="0" type="stmt"/>
          <line num="34" count="0" type="stmt"/>
          <line num="38" count="0" type="stmt"/>
          <line num="39" count="0" type="stmt"/>
          <line num="40" count="0" type="stmt"/>
          <line num="42" count="0" type="stmt"/>
          <line num="47" count="0" type="stmt"/>
          <line num="48" count="0" type="stmt"/>
          <line num="49" count="0" type="cond" truecount="0" falsecount="2"/>
          <line num="50" count="0" type="stmt"/>
          <line num="52" count="0" type="stmt"/>
          <line num="54" count="0" type="stmt"/>
          <line num="59" count="0" type="stmt"/>
          <line num="60" count="0" type="stmt"/>
          <line num="61" count="0" type="stmt"/>
          <line num="62" count="0" type="cond" truecount="0" falsecount="2"/>
          <line num="63" count="0" type="stmt"/>
          <line num="65" count="0" type="stmt"/>
          <line num="67" count="0" type="stmt"/>
          <line num="68" count="0" type="stmt"/>
          <line num="73" count="0" type="stmt"/>
          <line num="74" count="0" type="stmt"/>
          <line num="75" count="0" type="stmt"/>
          <line num="76" count="0" type="stmt"/>
          <line num="77" count="0" type="stmt"/>
          <line num="78" count="0" type="stmt"/>
          <line num="80" count="0" type="stmt"/>
          <line num="85" count="1" type="stmt"/>
          <line num="94" count="1" type="stmt"/>
          <line num="103" count="1" type="stmt"/>
          <line num="113" count="1" type="stmt"/>
          <line num="123" count="1" type="stmt"/>
          <line num="133" count="1" type="stmt"/>
        </file>
        <file name="userservice.ts" path="C:\Users\ASUS\Desktop\Nest Js Documentation\prueba\src\user\userservice.ts">
          <metrics statements="33" coveredstatements="12" conditionals="48" coveredconditionals="20" methods="21" coveredmethods="5"/>
          <line num="1" count="1" type="cond" truecount="2" falsecount="1"/>
          <line num="2" count="1" type="cond" truecount="1" falsecount="3"/>
          <line num="3" count="1" type="cond" truecount="3" falsecount="1"/>
          <line num="4" count="0" type="cond" truecount="0" falsecount="8"/>
          <line num="5" count="1" type="cond" truecount="1" falsecount="2"/>
          <line num="7" count="1" type="cond" truecount="2" falsecount="1"/>
          <line num="8" count="1" type="cond" truecount="3" falsecount="1"/>
          <line num="10" count="1" type="cond" truecount="2" falsecount="1"/>
          <line num="11" count="1" type="stmt"/>
          <line num="13" count="1" type="cond" truecount="2" falsecount="1"/>
          <line num="14" count="0" type="cond" truecount="0" falsecount="2"/>
          <line num="15" count="0" type="stmt"/>
          <line num="16" count="0" type="stmt"/>
          <line num="17" count="0" type="cond" truecount="0" falsecount="2"/>
          <line num="18" count="0" type="cond" truecount="0" falsecount="2"/>
          <line num="25" count="1" type="stmt"/>
          <line num="27" count="4" type="stmt"/>
          <line num="30" count="0" type="stmt"/>
          <line num="31" count="0" type="stmt"/>
          <line num="32" count="0" type="stmt"/>
          <line num="36" count="0" type="stmt"/>
          <line num="37" count="0" type="stmt"/>
          <line num="41" count="0" type="stmt"/>
          <line num="42" count="0" type="stmt"/>
          <line num="46" count="0" type="stmt"/>
          <line num="47" count="0" type="stmt"/>
          <line num="48" count="0" type="stmt"/>
          <line num="52" count="0" type="stmt"/>
          <line num="53" count="0" type="stmt"/>
          <line num="54" count="0" type="cond" truecount="0" falsecount="2"/>
          <line num="55" count="0" type="stmt"/>
          <line num="58" count="0" type="stmt"/>
          <line num="63" count="1" type="stmt"/>
        </file>
      </package>
      <package name="src.user.dto">
        <metrics statements="9" coveredstatements="8" conditionals="29" coveredconditionals="14" methods="2" coveredmethods="2"/>
        <file name="user.dto.ts" path="C:\Users\ASUS\Desktop\Nest Js Documentation\prueba\src\user\dto\user.dto.ts">
          <metrics statements="9" coveredstatements="8" conditionals="29" coveredconditionals="14" methods="2" coveredmethods="2"/>
          <line num="1" count="1" type="cond" truecount="2" falsecount="1"/>
          <line num="2" count="2" type="cond" truecount="2" falsecount="2"/>
          <line num="3" count="2" type="cond" truecount="3" falsecount="1"/>
          <line num="4" count="0" type="cond" truecount="0" falsecount="8"/>
          <line num="5" count="2" type="cond" truecount="2" falsecount="1"/>
          <line num="7" count="1" type="cond" truecount="2" falsecount="1"/>
          <line num="8" count="2" type="cond" truecount="3" falsecount="1"/>
          <line num="13" count="1" type="stmt"/>
          <line num="17" count="1" type="stmt"/>
        </file>
      </package>
    </metrics>
  </project>
</coverage>
