{"C:\\Users\\ASUS\\Desktop\\Nest Js Documentation\\prueba\\src\\app.controller.ts": {"path":"C:\\Users\\ASUS\\Desktop\\Nest Js Documentation\\prueba\\src\\app.controller.ts","statementMap":{"0":{"start":{"line":1,"column":17},"end":{"line":6,"column":1}},"1":{"start":{"line":2,"column":12},"end":{"line":2,"column":28}},"2":{"start":{"line":2,"column":34},"end":{"line":2,"column":125}},"3":{"start":{"line":3,"column":4},"end":{"line":4,"column":150}},"4":{"start":{"line":3,"column":79},"end":{"line":3,"column":131}},"5":{"start":{"line":4,"column":9},"end":{"line":4,"column":150}},"6":{"start":{"line":4,"column":58},"end":{"line":4,"column":150}},"7":{"start":{"line":4,"column":81},"end":{"line":4,"column":150}},"8":{"start":{"line":5,"column":4},"end":{"line":5,"column":66}},"9":{"start":{"line":7,"column":17},"end":{"line":9,"column":1}},"10":{"start":{"line":8,"column":4},"end":{"line":8,"column":109}},"11":{"start":{"line":8,"column":79},"end":{"line":8,"column":109}},"12":{"start":{"line":13,"column":20},"end":{"line":20,"column":1}},"13":{"start":{"line":15,"column":8},"end":{"line":15,"column":37}},"14":{"start":{"line":18,"column":8},"end":{"line":18,"column":38}},"15":{"start":{"line":21,"column":0},"end":{"line":26,"column":42}},"16":{"start":{"line":27,"column":0},"end":{"line":30,"column":18}}},"fnMap":{"0":{"name":"(anonymous_0)","decl":{"start":{"line":1,"column":46},"end":{"line":1,"column":47}},"loc":{"start":{"line":1,"column":87},"end":{"line":6,"column":1}},"line":1},"1":{"name":"(anonymous_1)","decl":{"start":{"line":7,"column":46},"end":{"line":7,"column":47}},"loc":{"start":{"line":7,"column":62},"end":{"line":9,"column":1}},"line":7},"2":{"name":"(anonymous_2)","decl":{"start":{"line":14,"column":4},"end":{"line":14,"column":5}},"loc":{"start":{"line":14,"column":28},"end":{"line":16,"column":5}},"line":14},"3":{"name":"(anonymous_3)","decl":{"start":{"line":17,"column":4},"end":{"line":17,"column":5}},"loc":{"start":{"line":17,"column":11},"end":{"line":19,"column":5}},"line":17}},"branchMap":{"0":{"loc":{"start":{"line":1,"column":17},"end":{"line":6,"column":1}},"type":"binary-expr","locations":[{"start":{"line":1,"column":18},"end":{"line":1,"column":22}},{"start":{"line":1,"column":26},"end":{"line":1,"column":41}},{"start":{"line":1,"column":46},"end":{"line":6,"column":1}}],"line":1},"1":{"loc":{"start":{"line":2,"column":34},"end":{"line":2,"column":125}},"type":"cond-expr","locations":[{"start":{"line":2,"column":42},"end":{"line":2,"column":48}},{"start":{"line":2,"column":51},"end":{"line":2,"column":125}}],"line":2},"2":{"loc":{"start":{"line":2,"column":51},"end":{"line":2,"column":125}},"type":"cond-expr","locations":[{"start":{"line":2,"column":67},"end":{"line":2,"column":118}},{"start":{"line":2,"column":121},"end":{"line":2,"column":125}}],"line":2},"3":{"loc":{"start":{"line":3,"column":4},"end":{"line":4,"column":150}},"type":"if","locations":[{"start":{"line":3,"column":4},"end":{"line":4,"column":150}},{"start":{"line":3,"column":4},"end":{"line":4,"column":150}}],"line":3},"4":{"loc":{"start":{"line":3,"column":8},"end":{"line":3,"column":77}},"type":"binary-expr","locations":[{"start":{"line":3,"column":8},"end":{"line":3,"column":35}},{"start":{"line":3,"column":39},"end":{"line":3,"column":77}}],"line":3},"5":{"loc":{"start":{"line":4,"column":58},"end":{"line":4,"column":150}},"type":"if","locations":[{"start":{"line":4,"column":58},"end":{"line":4,"column":150}},{"start":{"line":4,"column":58},"end":{"line":4,"column":150}}],"line":4},"6":{"loc":{"start":{"line":4,"column":85},"end":{"line":4,"column":149}},"type":"binary-expr","locations":[{"start":{"line":4,"column":86},"end":{"line":4,"column":143}},{"start":{"line":4,"column":148},"end":{"line":4,"column":149}}],"line":4},"7":{"loc":{"start":{"line":4,"column":86},"end":{"line":4,"column":143}},"type":"cond-expr","locations":[{"start":{"line":4,"column":94},"end":{"line":4,"column":98}},{"start":{"line":4,"column":101},"end":{"line":4,"column":143}}],"line":4},"8":{"loc":{"start":{"line":4,"column":101},"end":{"line":4,"column":143}},"type":"cond-expr","locations":[{"start":{"line":4,"column":109},"end":{"line":4,"column":126}},{"start":{"line":4,"column":129},"end":{"line":4,"column":143}}],"line":4},"9":{"loc":{"start":{"line":5,"column":11},"end":{"line":5,"column":62}},"type":"binary-expr","locations":[{"start":{"line":5,"column":11},"end":{"line":5,"column":16}},{"start":{"line":5,"column":20},"end":{"line":5,"column":21}},{"start":{"line":5,"column":25},"end":{"line":5,"column":62}}],"line":5},"10":{"loc":{"start":{"line":7,"column":17},"end":{"line":9,"column":1}},"type":"binary-expr","locations":[{"start":{"line":7,"column":18},"end":{"line":7,"column":22}},{"start":{"line":7,"column":26},"end":{"line":7,"column":41}},{"start":{"line":7,"column":46},"end":{"line":9,"column":1}}],"line":7},"11":{"loc":{"start":{"line":8,"column":4},"end":{"line":8,"column":109}},"type":"if","locations":[{"start":{"line":8,"column":4},"end":{"line":8,"column":109}},{"start":{"line":8,"column":4},"end":{"line":8,"column":109}}],"line":8},"12":{"loc":{"start":{"line":8,"column":8},"end":{"line":8,"column":77}},"type":"binary-expr","locations":[{"start":{"line":8,"column":8},"end":{"line":8,"column":35}},{"start":{"line":8,"column":39},"end":{"line":8,"column":77}}],"line":8},"13":{"loc":{"start":{"line":29,"column":37},"end":{"line":29,"column":129}},"type":"binary-expr","locations":[{"start":{"line":29,"column":37},"end":{"line":29,"column":113}},{"start":{"line":29,"column":117},"end":{"line":29,"column":119}},{"start":{"line":29,"column":123},"end":{"line":29,"column":129}}],"line":29},"14":{"loc":{"start":{"line":29,"column":50},"end":{"line":29,"column":97}},"type":"binary-expr","locations":[{"start":{"line":29,"column":50},"end":{"line":29,"column":83}},{"start":{"line":29,"column":87},"end":{"line":29,"column":97}}],"line":29}},"s":{"0":1,"1":2,"2":2,"3":2,"4":2,"5":0,"6":0,"7":0,"8":2,"9":1,"10":4,"11":4,"12":1,"13":1,"14":1,"15":1,"16":1},"f":{"0":2,"1":4,"2":1,"3":1},"b":{"0":[1,0,1],"1":[1,1],"2":[1,0],"3":[2,0],"4":[2,2],"5":[0,0],"6":[0,0],"7":[0,0],"8":[0,0],"9":[2,1,1],"10":[1,0,1],"11":[4,0],"12":[4,4],"13":[1,1,0],"14":[1,1]},"inputSourceMap":{"version":3,"file":"app.controller.js","sourceRoot":"","sources":["app.controller.ts"],"names":[],"mappings":";;;;;;;;;;AAAA,OAAO,EAAE,GAAG,EAAE,UAAU,EAAE,MAAM,gBAAgB,CAAC;AACjD,OAAO,EAAE,UAAU,EAAE,MAAM,eAAe,CAAC;AAG3C,IAAa,aAAa,GAA1B;IACE,YAA6B,UAAsB;QAAtB,eAAU,GAAV,UAAU,CAAY;IAAG,CAAC;IAGvD,IAAI;QACF,OAAO,IAAI,CAAC,UAAU,CAAC,IAAI,EAAE,CAAC;IAChC,CAAC;CACF,CAAA;AAHC;IADC,GAAG,EAAE;;;;yCAGL;AANU,aAAa;IADzB,UAAU,EAAE;yDAE8B,UAAU,oBAAV,UAAU;GADxC,aAAa,CAOzB;SAPY,aAAa","sourcesContent":["import { Get, Controller } from '@nestjs/common';\nimport { AppService } from './app.service';\n\n@Controller()\nexport class AppController {\n  constructor(private readonly appService: AppService) {}\n\n  @Get()\n  root(): string {\n    return this.appService.root();\n  }\n}\n"]},"_coverageSchema":"332fd63041d2c1bcb487cc26dd0d5f7d97098a6c","hash":"2ba8ae969584b9761285ca19fa1c9fa0c8d0e8e8"}
,"C:\\Users\\ASUS\\Desktop\\Nest Js Documentation\\prueba\\src\\app.service.ts": {"path":"C:\\Users\\ASUS\\Desktop\\Nest Js Documentation\\prueba\\src\\app.service.ts","statementMap":{"0":{"start":{"line":1,"column":17},"end":{"line":6,"column":1}},"1":{"start":{"line":2,"column":12},"end":{"line":2,"column":28}},"2":{"start":{"line":2,"column":34},"end":{"line":2,"column":125}},"3":{"start":{"line":3,"column":4},"end":{"line":4,"column":150}},"4":{"start":{"line":3,"column":79},"end":{"line":3,"column":131}},"5":{"start":{"line":4,"column":9},"end":{"line":4,"column":150}},"6":{"start":{"line":4,"column":58},"end":{"line":4,"column":150}},"7":{"start":{"line":4,"column":81},"end":{"line":4,"column":150}},"8":{"start":{"line":5,"column":4},"end":{"line":5,"column":66}},"9":{"start":{"line":8,"column":17},"end":{"line":12,"column":1}},"10":{"start":{"line":10,"column":8},"end":{"line":10,"column":24}},"11":{"start":{"line":13,"column":0},"end":{"line":15,"column":15}}},"fnMap":{"0":{"name":"(anonymous_0)","decl":{"start":{"line":1,"column":46},"end":{"line":1,"column":47}},"loc":{"start":{"line":1,"column":87},"end":{"line":6,"column":1}},"line":1},"1":{"name":"(anonymous_1)","decl":{"start":{"line":9,"column":4},"end":{"line":9,"column":5}},"loc":{"start":{"line":9,"column":11},"end":{"line":11,"column":5}},"line":9}},"branchMap":{"0":{"loc":{"start":{"line":1,"column":17},"end":{"line":6,"column":1}},"type":"binary-expr","locations":[{"start":{"line":1,"column":18},"end":{"line":1,"column":22}},{"start":{"line":1,"column":26},"end":{"line":1,"column":41}},{"start":{"line":1,"column":46},"end":{"line":6,"column":1}}],"line":1},"1":{"loc":{"start":{"line":2,"column":34},"end":{"line":2,"column":125}},"type":"cond-expr","locations":[{"start":{"line":2,"column":42},"end":{"line":2,"column":48}},{"start":{"line":2,"column":51},"end":{"line":2,"column":125}}],"line":2},"2":{"loc":{"start":{"line":2,"column":51},"end":{"line":2,"column":125}},"type":"cond-expr","locations":[{"start":{"line":2,"column":67},"end":{"line":2,"column":118}},{"start":{"line":2,"column":121},"end":{"line":2,"column":125}}],"line":2},"3":{"loc":{"start":{"line":3,"column":4},"end":{"line":4,"column":150}},"type":"if","locations":[{"start":{"line":3,"column":4},"end":{"line":4,"column":150}},{"start":{"line":3,"column":4},"end":{"line":4,"column":150}}],"line":3},"4":{"loc":{"start":{"line":3,"column":8},"end":{"line":3,"column":77}},"type":"binary-expr","locations":[{"start":{"line":3,"column":8},"end":{"line":3,"column":35}},{"start":{"line":3,"column":39},"end":{"line":3,"column":77}}],"line":3},"5":{"loc":{"start":{"line":4,"column":58},"end":{"line":4,"column":150}},"type":"if","locations":[{"start":{"line":4,"column":58},"end":{"line":4,"column":150}},{"start":{"line":4,"column":58},"end":{"line":4,"column":150}}],"line":4},"6":{"loc":{"start":{"line":4,"column":85},"end":{"line":4,"column":149}},"type":"binary-expr","locations":[{"start":{"line":4,"column":86},"end":{"line":4,"column":143}},{"start":{"line":4,"column":148},"end":{"line":4,"column":149}}],"line":4},"7":{"loc":{"start":{"line":4,"column":86},"end":{"line":4,"column":143}},"type":"cond-expr","locations":[{"start":{"line":4,"column":94},"end":{"line":4,"column":98}},{"start":{"line":4,"column":101},"end":{"line":4,"column":143}}],"line":4},"8":{"loc":{"start":{"line":4,"column":101},"end":{"line":4,"column":143}},"type":"cond-expr","locations":[{"start":{"line":4,"column":109},"end":{"line":4,"column":126}},{"start":{"line":4,"column":129},"end":{"line":4,"column":143}}],"line":4},"9":{"loc":{"start":{"line":5,"column":11},"end":{"line":5,"column":62}},"type":"binary-expr","locations":[{"start":{"line":5,"column":11},"end":{"line":5,"column":16}},{"start":{"line":5,"column":20},"end":{"line":5,"column":21}},{"start":{"line":5,"column":25},"end":{"line":5,"column":62}}],"line":5}},"s":{"0":1,"1":1,"2":1,"3":1,"4":1,"5":0,"6":0,"7":0,"8":1,"9":1,"10":1,"11":1},"f":{"0":1,"1":1},"b":{"0":[1,0,1],"1":[1,0],"2":[0,0],"3":[1,0],"4":[1,1],"5":[0,0],"6":[0,0],"7":[0,0],"8":[0,0],"9":[1,0,0]},"inputSourceMap":{"version":3,"file":"app.service.js","sourceRoot":"","sources":["app.service.ts"],"names":[],"mappings":";;;;;;AAAA,OAAO,EAAE,UAAU,EAAE,MAAM,gBAAgB,CAAC;AAG5C,IAAa,UAAU,GAAvB;IACE,IAAI;QACF,OAAO,QAAQ,CAAC;IAClB,CAAC;CACF,CAAA;AAJY,UAAU;IADtB,UAAU,EAAE;GACA,UAAU,CAItB;SAJY,UAAU","sourcesContent":["import { Injectable } from '@nestjs/common';\n\n@Injectable()\nexport class AppService {\n  root(): string {\n    return `I'm ok`;\n  }\n}\n"]},"_coverageSchema":"332fd63041d2c1bcb487cc26dd0d5f7d97098a6c","hash":"2e1d1f389ba2dad9c8759a9af969b0e0b12efd08"}
,"C:\\Users\\ASUS\\Desktop\\Nest Js Documentation\\prueba\\src\\user\\usercontroller.ts": {"path":"C:\\Users\\ASUS\\Desktop\\Nest Js Documentation\\prueba\\src\\user\\usercontroller.ts","statementMap":{"0":{"start":{"line":1,"column":17},"end":{"line":6,"column":1}},"1":{"start":{"line":2,"column":12},"end":{"line":2,"column":28}},"2":{"start":{"line":2,"column":34},"end":{"line":2,"column":125}},"3":{"start":{"line":3,"column":4},"end":{"line":4,"column":150}},"4":{"start":{"line":3,"column":79},"end":{"line":3,"column":131}},"5":{"start":{"line":4,"column":9},"end":{"line":4,"column":150}},"6":{"start":{"line":4,"column":58},"end":{"line":4,"column":150}},"7":{"start":{"line":4,"column":81},"end":{"line":4,"column":150}},"8":{"start":{"line":5,"column":4},"end":{"line":5,"column":66}},"9":{"start":{"line":7,"column":17},"end":{"line":9,"column":1}},"10":{"start":{"line":8,"column":4},"end":{"line":8,"column":109}},"11":{"start":{"line":8,"column":79},"end":{"line":8,"column":109}},"12":{"start":{"line":10,"column":14},"end":{"line":12,"column":1}},"13":{"start":{"line":11,"column":4},"end":{"line":11,"column":73}},"14":{"start":{"line":11,"column":36},"end":{"line":11,"column":71}},"15":{"start":{"line":13,"column":16},"end":{"line":20,"column":1}},"16":{"start":{"line":14,"column":4},"end":{"line":19,"column":7}},"17":{"start":{"line":15,"column":36},"end":{"line":15,"column":97}},"18":{"start":{"line":15,"column":42},"end":{"line":15,"column":70}},"19":{"start":{"line":15,"column":85},"end":{"line":15,"column":95}},"20":{"start":{"line":16,"column":35},"end":{"line":16,"column":100}},"21":{"start":{"line":16,"column":41},"end":{"line":16,"column":73}},"22":{"start":{"line":16,"column":88},"end":{"line":16,"column":98}},"23":{"start":{"line":17,"column":32},"end":{"line":17,"column":149}},"24":{"start":{"line":17,"column":97},"end":{"line":17,"column":119}},"25":{"start":{"line":18,"column":8},"end":{"line":18,"column":78}},"26":{"start":{"line":26,"column":21},"end":{"line":71,"column":1}},"27":{"start":{"line":28,"column":8},"end":{"line":28,"column":39}},"28":{"start":{"line":31,"column":8},"end":{"line":35,"column":11}},"29":{"start":{"line":32,"column":12},"end":{"line":32,"column":65}},"30":{"start":{"line":33,"column":30},"end":{"line":33,"column":79}},"31":{"start":{"line":34,"column":12},"end":{"line":34,"column":31}},"32":{"start":{"line":38,"column":8},"end":{"line":40,"column":11}},"33":{"start":{"line":39,"column":12},"end":{"line":39,"column":52}},"34":{"start":{"line":43,"column":8},"end":{"line":46,"column":11}},"35":{"start":{"line":44,"column":12},"end":{"line":44,"column":56}},"36":{"start":{"line":45,"column":12},"end":{"line":45,"column":73}},"37":{"start":{"line":49,"column":8},"end":{"line":51,"column":11}},"38":{"start":{"line":50,"column":12},"end":{"line":50,"column":61}},"39":{"start":{"line":54,"column":8},"end":{"line":57,"column":11}},"40":{"start":{"line":55,"column":12},"end":{"line":55,"column":59}},"41":{"start":{"line":56,"column":12},"end":{"line":56,"column":76}},"42":{"start":{"line":60,"column":8},"end":{"line":62,"column":11}},"43":{"start":{"line":61,"column":12},"end":{"line":61,"column":64}},"44":{"start":{"line":65,"column":8},"end":{"line":69,"column":11}},"45":{"start":{"line":66,"column":12},"end":{"line":66,"column":38}},"46":{"start":{"line":67,"column":12},"end":{"line":67,"column":60}},"47":{"start":{"line":68,"column":12},"end":{"line":68,"column":71}},"48":{"start":{"line":72,"column":0},"end":{"line":79,"column":49}},"49":{"start":{"line":80,"column":0},"end":{"line":86,"column":51}},"50":{"start":{"line":87,"column":0},"end":{"line":94,"column":60}},"51":{"start":{"line":95,"column":0},"end":{"line":102,"column":54}},"52":{"start":{"line":103,"column":0},"end":{"line":110,"column":62}},"53":{"start":{"line":111,"column":0},"end":{"line":118,"column":56}},"54":{"start":{"line":119,"column":0},"end":{"line":126,"column":52}},"55":{"start":{"line":127,"column":0},"end":{"line":131,"column":19}}},"fnMap":{"0":{"name":"(anonymous_0)","decl":{"start":{"line":1,"column":46},"end":{"line":1,"column":47}},"loc":{"start":{"line":1,"column":87},"end":{"line":6,"column":1}},"line":1},"1":{"name":"(anonymous_1)","decl":{"start":{"line":7,"column":46},"end":{"line":7,"column":47}},"loc":{"start":{"line":7,"column":62},"end":{"line":9,"column":1}},"line":7},"2":{"name":"(anonymous_2)","decl":{"start":{"line":10,"column":40},"end":{"line":10,"column":41}},"loc":{"start":{"line":10,"column":73},"end":{"line":12,"column":1}},"line":10},"3":{"name":"(anonymous_3)","decl":{"start":{"line":11,"column":11},"end":{"line":11,"column":12}},"loc":{"start":{"line":11,"column":34},"end":{"line":11,"column":73}},"line":11},"4":{"name":"(anonymous_4)","decl":{"start":{"line":13,"column":44},"end":{"line":13,"column":45}},"loc":{"start":{"line":13,"column":89},"end":{"line":20,"column":1}},"line":13},"5":{"name":"(anonymous_5)","decl":{"start":{"line":14,"column":36},"end":{"line":14,"column":37}},"loc":{"start":{"line":14,"column":63},"end":{"line":19,"column":5}},"line":14},"6":{"name":"fulfilled","decl":{"start":{"line":15,"column":17},"end":{"line":15,"column":26}},"loc":{"start":{"line":15,"column":34},"end":{"line":15,"column":99}},"line":15},"7":{"name":"rejected","decl":{"start":{"line":16,"column":17},"end":{"line":16,"column":25}},"loc":{"start":{"line":16,"column":33},"end":{"line":16,"column":102}},"line":16},"8":{"name":"step","decl":{"start":{"line":17,"column":17},"end":{"line":17,"column":21}},"loc":{"start":{"line":17,"column":30},"end":{"line":17,"column":151}},"line":17},"9":{"name":"(anonymous_9)","decl":{"start":{"line":17,"column":76},"end":{"line":17,"column":77}},"loc":{"start":{"line":17,"column":95},"end":{"line":17,"column":121}},"line":17},"10":{"name":"(anonymous_10)","decl":{"start":{"line":27,"column":4},"end":{"line":27,"column":5}},"loc":{"start":{"line":27,"column":29},"end":{"line":29,"column":5}},"line":27},"11":{"name":"(anonymous_11)","decl":{"start":{"line":30,"column":4},"end":{"line":30,"column":5}},"loc":{"start":{"line":30,"column":31},"end":{"line":36,"column":5}},"line":30},"12":{"name":"(anonymous_12)","decl":{"start":{"line":31,"column":47},"end":{"line":31,"column":48}},"loc":{"start":{"line":31,"column":60},"end":{"line":35,"column":9}},"line":31},"13":{"name":"(anonymous_13)","decl":{"start":{"line":37,"column":4},"end":{"line":37,"column":5}},"loc":{"start":{"line":37,"column":19},"end":{"line":41,"column":5}},"line":37},"14":{"name":"(anonymous_14)","decl":{"start":{"line":38,"column":47},"end":{"line":38,"column":48}},"loc":{"start":{"line":38,"column":60},"end":{"line":40,"column":9}},"line":38},"15":{"name":"(anonymous_15)","decl":{"start":{"line":42,"column":4},"end":{"line":42,"column":5}},"loc":{"start":{"line":42,"column":36},"end":{"line":47,"column":5}},"line":42},"16":{"name":"(anonymous_16)","decl":{"start":{"line":43,"column":47},"end":{"line":43,"column":48}},"loc":{"start":{"line":43,"column":60},"end":{"line":46,"column":9}},"line":43},"17":{"name":"(anonymous_17)","decl":{"start":{"line":48,"column":4},"end":{"line":48,"column":5}},"loc":{"start":{"line":48,"column":24},"end":{"line":52,"column":5}},"line":48},"18":{"name":"(anonymous_18)","decl":{"start":{"line":49,"column":47},"end":{"line":49,"column":48}},"loc":{"start":{"line":49,"column":60},"end":{"line":51,"column":9}},"line":49},"19":{"name":"(anonymous_19)","decl":{"start":{"line":53,"column":4},"end":{"line":53,"column":5}},"loc":{"start":{"line":53,"column":38},"end":{"line":58,"column":5}},"line":53},"20":{"name":"(anonymous_20)","decl":{"start":{"line":54,"column":47},"end":{"line":54,"column":48}},"loc":{"start":{"line":54,"column":60},"end":{"line":57,"column":9}},"line":54},"21":{"name":"(anonymous_21)","decl":{"start":{"line":59,"column":4},"end":{"line":59,"column":5}},"loc":{"start":{"line":59,"column":26},"end":{"line":63,"column":5}},"line":59},"22":{"name":"(anonymous_22)","decl":{"start":{"line":60,"column":47},"end":{"line":60,"column":48}},"loc":{"start":{"line":60,"column":60},"end":{"line":62,"column":9}},"line":60},"23":{"name":"(anonymous_23)","decl":{"start":{"line":64,"column":4},"end":{"line":64,"column":5}},"loc":{"start":{"line":64,"column":36},"end":{"line":70,"column":5}},"line":64},"24":{"name":"(anonymous_24)","decl":{"start":{"line":65,"column":47},"end":{"line":65,"column":48}},"loc":{"start":{"line":65,"column":60},"end":{"line":69,"column":9}},"line":65}},"branchMap":{"0":{"loc":{"start":{"line":1,"column":17},"end":{"line":6,"column":1}},"type":"binary-expr","locations":[{"start":{"line":1,"column":18},"end":{"line":1,"column":22}},{"start":{"line":1,"column":26},"end":{"line":1,"column":41}},{"start":{"line":1,"column":46},"end":{"line":6,"column":1}}],"line":1},"1":{"loc":{"start":{"line":2,"column":34},"end":{"line":2,"column":125}},"type":"cond-expr","locations":[{"start":{"line":2,"column":42},"end":{"line":2,"column":48}},{"start":{"line":2,"column":51},"end":{"line":2,"column":125}}],"line":2},"2":{"loc":{"start":{"line":2,"column":51},"end":{"line":2,"column":125}},"type":"cond-expr","locations":[{"start":{"line":2,"column":67},"end":{"line":2,"column":118}},{"start":{"line":2,"column":121},"end":{"line":2,"column":125}}],"line":2},"3":{"loc":{"start":{"line":3,"column":4},"end":{"line":4,"column":150}},"type":"if","locations":[{"start":{"line":3,"column":4},"end":{"line":4,"column":150}},{"start":{"line":3,"column":4},"end":{"line":4,"column":150}}],"line":3},"4":{"loc":{"start":{"line":3,"column":8},"end":{"line":3,"column":77}},"type":"binary-expr","locations":[{"start":{"line":3,"column":8},"end":{"line":3,"column":35}},{"start":{"line":3,"column":39},"end":{"line":3,"column":77}}],"line":3},"5":{"loc":{"start":{"line":4,"column":58},"end":{"line":4,"column":150}},"type":"if","locations":[{"start":{"line":4,"column":58},"end":{"line":4,"column":150}},{"start":{"line":4,"column":58},"end":{"line":4,"column":150}}],"line":4},"6":{"loc":{"start":{"line":4,"column":85},"end":{"line":4,"column":149}},"type":"binary-expr","locations":[{"start":{"line":4,"column":86},"end":{"line":4,"column":143}},{"start":{"line":4,"column":148},"end":{"line":4,"column":149}}],"line":4},"7":{"loc":{"start":{"line":4,"column":86},"end":{"line":4,"column":143}},"type":"cond-expr","locations":[{"start":{"line":4,"column":94},"end":{"line":4,"column":98}},{"start":{"line":4,"column":101},"end":{"line":4,"column":143}}],"line":4},"8":{"loc":{"start":{"line":4,"column":101},"end":{"line":4,"column":143}},"type":"cond-expr","locations":[{"start":{"line":4,"column":109},"end":{"line":4,"column":126}},{"start":{"line":4,"column":129},"end":{"line":4,"column":143}}],"line":4},"9":{"loc":{"start":{"line":5,"column":11},"end":{"line":5,"column":62}},"type":"binary-expr","locations":[{"start":{"line":5,"column":11},"end":{"line":5,"column":16}},{"start":{"line":5,"column":20},"end":{"line":5,"column":21}},{"start":{"line":5,"column":25},"end":{"line":5,"column":62}}],"line":5},"10":{"loc":{"start":{"line":7,"column":17},"end":{"line":9,"column":1}},"type":"binary-expr","locations":[{"start":{"line":7,"column":18},"end":{"line":7,"column":22}},{"start":{"line":7,"column":26},"end":{"line":7,"column":41}},{"start":{"line":7,"column":46},"end":{"line":9,"column":1}}],"line":7},"11":{"loc":{"start":{"line":8,"column":4},"end":{"line":8,"column":109}},"type":"if","locations":[{"start":{"line":8,"column":4},"end":{"line":8,"column":109}},{"start":{"line":8,"column":4},"end":{"line":8,"column":109}}],"line":8},"12":{"loc":{"start":{"line":8,"column":8},"end":{"line":8,"column":77}},"type":"binary-expr","locations":[{"start":{"line":8,"column":8},"end":{"line":8,"column":35}},{"start":{"line":8,"column":39},"end":{"line":8,"column":77}}],"line":8},"13":{"loc":{"start":{"line":10,"column":14},"end":{"line":12,"column":1}},"type":"binary-expr","locations":[{"start":{"line":10,"column":15},"end":{"line":10,"column":19}},{"start":{"line":10,"column":23},"end":{"line":10,"column":35}},{"start":{"line":10,"column":40},"end":{"line":12,"column":1}}],"line":10},"14":{"loc":{"start":{"line":13,"column":16},"end":{"line":20,"column":1}},"type":"binary-expr","locations":[{"start":{"line":13,"column":17},"end":{"line":13,"column":21}},{"start":{"line":13,"column":25},"end":{"line":13,"column":39}},{"start":{"line":13,"column":44},"end":{"line":20,"column":1}}],"line":13},"15":{"loc":{"start":{"line":14,"column":16},"end":{"line":14,"column":34}},"type":"binary-expr","locations":[{"start":{"line":14,"column":16},"end":{"line":14,"column":17}},{"start":{"line":14,"column":22},"end":{"line":14,"column":33}}],"line":14},"16":{"loc":{"start":{"line":17,"column":32},"end":{"line":17,"column":148}},"type":"cond-expr","locations":[{"start":{"line":17,"column":46},"end":{"line":17,"column":67}},{"start":{"line":17,"column":70},"end":{"line":17,"column":148}}],"line":17},"17":{"loc":{"start":{"line":18,"column":51},"end":{"line":18,"column":67}},"type":"binary-expr","locations":[{"start":{"line":18,"column":51},"end":{"line":18,"column":61}},{"start":{"line":18,"column":65},"end":{"line":18,"column":67}}],"line":18},"18":{"loc":{"start":{"line":77,"column":37},"end":{"line":77,"column":135}},"type":"binary-expr","locations":[{"start":{"line":77,"column":37},"end":{"line":77,"column":119}},{"start":{"line":77,"column":123},"end":{"line":77,"column":125}},{"start":{"line":77,"column":129},"end":{"line":77,"column":135}}],"line":77},"19":{"loc":{"start":{"line":77,"column":50},"end":{"line":77,"column":103}},"type":"binary-expr","locations":[{"start":{"line":77,"column":50},"end":{"line":77,"column":86}},{"start":{"line":77,"column":90},"end":{"line":77,"column":103}}],"line":77},"20":{"loc":{"start":{"line":78,"column":36},"end":{"line":78,"column":122}},"type":"binary-expr","locations":[{"start":{"line":78,"column":36},"end":{"line":78,"column":106}},{"start":{"line":78,"column":110},"end":{"line":78,"column":112}},{"start":{"line":78,"column":116},"end":{"line":78,"column":122}}],"line":78},"21":{"loc":{"start":{"line":78,"column":49},"end":{"line":78,"column":90}},"type":"binary-expr","locations":[{"start":{"line":78,"column":49},"end":{"line":78,"column":79}},{"start":{"line":78,"column":83},"end":{"line":78,"column":90}}],"line":78},"22":{"loc":{"start":{"line":85,"column":36},"end":{"line":85,"column":122}},"type":"binary-expr","locations":[{"start":{"line":85,"column":36},"end":{"line":85,"column":106}},{"start":{"line":85,"column":110},"end":{"line":85,"column":112}},{"start":{"line":85,"column":116},"end":{"line":85,"column":122}}],"line":85},"23":{"loc":{"start":{"line":85,"column":49},"end":{"line":85,"column":90}},"type":"binary-expr","locations":[{"start":{"line":85,"column":49},"end":{"line":85,"column":79}},{"start":{"line":85,"column":83},"end":{"line":85,"column":90}}],"line":85},"24":{"loc":{"start":{"line":93,"column":36},"end":{"line":93,"column":122}},"type":"binary-expr","locations":[{"start":{"line":93,"column":36},"end":{"line":93,"column":106}},{"start":{"line":93,"column":110},"end":{"line":93,"column":112}},{"start":{"line":93,"column":116},"end":{"line":93,"column":122}}],"line":93},"25":{"loc":{"start":{"line":93,"column":49},"end":{"line":93,"column":90}},"type":"binary-expr","locations":[{"start":{"line":93,"column":49},"end":{"line":93,"column":79}},{"start":{"line":93,"column":83},"end":{"line":93,"column":90}}],"line":93},"26":{"loc":{"start":{"line":101,"column":36},"end":{"line":101,"column":122}},"type":"binary-expr","locations":[{"start":{"line":101,"column":36},"end":{"line":101,"column":106}},{"start":{"line":101,"column":110},"end":{"line":101,"column":112}},{"start":{"line":101,"column":116},"end":{"line":101,"column":122}}],"line":101},"27":{"loc":{"start":{"line":101,"column":49},"end":{"line":101,"column":90}},"type":"binary-expr","locations":[{"start":{"line":101,"column":49},"end":{"line":101,"column":79}},{"start":{"line":101,"column":83},"end":{"line":101,"column":90}}],"line":101},"28":{"loc":{"start":{"line":109,"column":36},"end":{"line":109,"column":122}},"type":"binary-expr","locations":[{"start":{"line":109,"column":36},"end":{"line":109,"column":106}},{"start":{"line":109,"column":110},"end":{"line":109,"column":112}},{"start":{"line":109,"column":116},"end":{"line":109,"column":122}}],"line":109},"29":{"loc":{"start":{"line":109,"column":49},"end":{"line":109,"column":90}},"type":"binary-expr","locations":[{"start":{"line":109,"column":49},"end":{"line":109,"column":79}},{"start":{"line":109,"column":83},"end":{"line":109,"column":90}}],"line":109},"30":{"loc":{"start":{"line":117,"column":36},"end":{"line":117,"column":122}},"type":"binary-expr","locations":[{"start":{"line":117,"column":36},"end":{"line":117,"column":106}},{"start":{"line":117,"column":110},"end":{"line":117,"column":112}},{"start":{"line":117,"column":116},"end":{"line":117,"column":122}}],"line":117},"31":{"loc":{"start":{"line":117,"column":49},"end":{"line":117,"column":90}},"type":"binary-expr","locations":[{"start":{"line":117,"column":49},"end":{"line":117,"column":79}},{"start":{"line":117,"column":83},"end":{"line":117,"column":90}}],"line":117},"32":{"loc":{"start":{"line":124,"column":45},"end":{"line":124,"column":143}},"type":"binary-expr","locations":[{"start":{"line":124,"column":45},"end":{"line":124,"column":127}},{"start":{"line":124,"column":131},"end":{"line":124,"column":133}},{"start":{"line":124,"column":137},"end":{"line":124,"column":143}}],"line":124},"33":{"loc":{"start":{"line":124,"column":58},"end":{"line":124,"column":111}},"type":"binary-expr","locations":[{"start":{"line":124,"column":58},"end":{"line":124,"column":94}},{"start":{"line":124,"column":98},"end":{"line":124,"column":111}}],"line":124},"34":{"loc":{"start":{"line":125,"column":36},"end":{"line":125,"column":122}},"type":"binary-expr","locations":[{"start":{"line":125,"column":36},"end":{"line":125,"column":106}},{"start":{"line":125,"column":110},"end":{"line":125,"column":112}},{"start":{"line":125,"column":116},"end":{"line":125,"column":122}}],"line":125},"35":{"loc":{"start":{"line":125,"column":49},"end":{"line":125,"column":90}},"type":"binary-expr","locations":[{"start":{"line":125,"column":49},"end":{"line":125,"column":79}},{"start":{"line":125,"column":83},"end":{"line":125,"column":90}}],"line":125},"36":{"loc":{"start":{"line":130,"column":37},"end":{"line":130,"column":131}},"type":"binary-expr","locations":[{"start":{"line":130,"column":37},"end":{"line":130,"column":115}},{"start":{"line":130,"column":119},"end":{"line":130,"column":121}},{"start":{"line":130,"column":125},"end":{"line":130,"column":131}}],"line":130},"37":{"loc":{"start":{"line":130,"column":50},"end":{"line":130,"column":99}},"type":"binary-expr","locations":[{"start":{"line":130,"column":50},"end":{"line":130,"column":84}},{"start":{"line":130,"column":88},"end":{"line":130,"column":99}}],"line":130}},"s":{"0":1,"1":8,"2":8,"3":8,"4":8,"5":0,"6":0,"7":0,"8":8,"9":1,"10":22,"11":22,"12":1,"13":7,"14":7,"15":1,"16":7,"17":7,"18":7,"19":0,"20":0,"21":0,"22":0,"23":14,"24":7,"25":7,"26":1,"27":7,"28":1,"29":1,"30":1,"31":1,"32":1,"33":1,"34":1,"35":1,"36":1,"37":1,"38":1,"39":1,"40":1,"41":1,"42":1,"43":1,"44":1,"45":1,"46":1,"47":1,"48":1,"49":1,"50":1,"51":1,"52":1,"53":1,"54":1,"55":1},"f":{"0":8,"1":22,"2":7,"3":7,"4":7,"5":7,"6":7,"7":0,"8":14,"9":7,"10":7,"11":1,"12":1,"13":1,"14":1,"15":1,"16":1,"17":1,"18":1,"19":1,"20":1,"21":1,"22":1,"23":1,"24":1},"b":{"0":[1,0,1],"1":[1,7],"2":[7,0],"3":[8,0],"4":[8,8],"5":[0,0],"6":[0,0],"7":[0,0],"8":[0,0],"9":[8,7,7],"10":[1,0,1],"11":[22,0],"12":[22,22],"13":[1,0,1],"14":[1,0,1],"15":[7,7],"16":[7,7],"17":[7,7],"18":[1,1,0],"19":[1,1],"20":[1,1,0],"21":[1,1],"22":[1,1,0],"23":[1,1],"24":[1,1,0],"25":[1,1],"26":[1,1,0],"27":[1,1],"28":[1,1,0],"29":[1,1],"30":[1,1,0],"31":[1,1],"32":[1,1,0],"33":[1,1],"34":[1,1,0],"35":[1,1],"36":[1,1,0],"37":[1,1]},"inputSourceMap":{"version":3,"file":"usercontroller.js","sourceRoot":"","sources":["usercontroller.ts"],"names":[],"mappings":";;;;;;;;;;;;;;;;;;;;;AAAA,OAAO,EACH,UAAU,EAAE,GAAG,EAAwB,KAAK,EAAE,IAAI,EAAE,IAAI,EACxC,MAAM,EAAE,GAAG,EAC9B,MAAM,gBAAgB,CAAC;AACxB,OAAO,EAAE,WAAW,EAAE,MAAM,eAAe,CAAC;AAG5C,OAAO,EAAE,aAAa,EAAE,MAAM,gBAAgB,CAAC;AAE/C,OAAO,EAAE,WAAW,EAAE,UAAU,EAAE,MAAM,iBAAiB,CAAC;AAM1D,IAAa,cAAc,GAA3B;IAEI,YAA6B,WAAwB;QAAxB,gBAAW,GAAX,WAAW,CAAa;IAAI,CAAC;IAI7C,UAAU,CAAS,cAA6B;;YAEzD,OAAO,CAAC,GAAG,CAAC,uBAAuB,EAAE,cAAc,CAAC,CAAC;YACrD,IAAI,WAAW,GAAG,MAAM,IAAI,CAAC,WAAW,CAAC,UAAU,CAAC,cAAc,CAAC,CAAC;YACpE,OAAO,WAAW,CAAC;QACvB,CAAC;KAAA;IAIY,YAAY;;YAErB,OAAO,MAAM,IAAI,CAAC,WAAW,CAAC,OAAO,EAAE,CAAC;QAE5C,CAAC;KAAA;IAKY,qBAAqB,CAAoB,QAAgB;;YAElE,OAAO,CAAC,GAAG,CAAC,oBAAoB,EAAE,QAAQ,CAAC,CAAC;YAC5C,OAAO,MAAM,IAAI,CAAC,WAAW,CAAC,oBAAoB,CAAC,QAAQ,CAAC,CAAC;QACjE,CAAC;KAAA;IAIY,eAAe,CAAc,EAAU;;YAChD,OAAO,MAAM,IAAI,CAAC,WAAW,CAAC,cAAc,CAAC,EAAE,CAAC,CAAC;QACrD,CAAC;KAAA;IAIY,uBAAuB,CAAoB,QAAgB;;YAEpE,OAAO,CAAC,GAAG,CAAC,iCAAiC,CAAC,CAAC;YAC/C,OAAO,MAAM,IAAI,CAAC,WAAW,CAAC,uBAAuB,CAAC,QAAQ,CAAC,CAAC;QAEpE,CAAC;KAAA;IAKY,iBAAiB,CAAc,EAAU;;YAElD,OAAO,MAAM,IAAI,CAAC,WAAW,CAAC,iBAAiB,CAAC,EAAE,CAAC,CAAC;QAExD,CAAC;KAAA;IAMY,aAAa,CAAc,EAAU,EAAU,YAA2B;;YAEnF,OAAO,CAAC,GAAG,CAAC,QAAQ,EAAE,EAAE,CAAC,CAAC;YAC1B,OAAO,CAAC,GAAG,CAAC,oBAAoB,EAAE,YAAY,CAAC,CAAC;YAChD,OAAO,MAAM,IAAI,CAAC,WAAW,CAAC,UAAU,CAAC,EAAE,EAAE,YAAY,CAAC,CAAC;QAE/D,CAAC;KAAA;CAKJ,CAAA;AA/DG;IAFC,IAAI,EAAE;IACN,WAAW,CAAC,EAAE,MAAM,EAAE,GAAG,EAAE,WAAW,EAAE,yCAAyC,EAAE,CAAC;IAC5D,WAAA,IAAI,EAAE,CAAA;;yDAAiB,aAAa,oBAAb,aAAa;wDAAG,OAAO,oBAAP,OAAO;gDAKtE;AAID;IAFC,GAAG,EAAE;IACL,WAAW,CAAC,EAAE,MAAM,EAAE,GAAG,EAAE,WAAW,EAAE,wCAAwC,EAAE,CAAC;;;wDACvD,OAAO,oBAAP,OAAO;kDAInC;AAKD;IAFC,GAAG,CAAC,0BAA0B,CAAC;IAC/B,WAAW,CAAC,EAAE,MAAM,EAAE,GAAG,EAAE,WAAW,EAAE,sCAAsC,EAAE,CAAC;IAC9C,WAAA,KAAK,CAAC,UAAU,CAAC,CAAA;;;wDAAoB,OAAO,oBAAP,OAAO;2DAI/E;AAID;IAFC,GAAG,CAAC,aAAa,CAAC;IAClB,WAAW,CAAC,EAAE,MAAM,EAAE,GAAG,EAAE,WAAW,EAAE,sCAAsC,EAAE,CAAC;IACpD,WAAA,KAAK,CAAC,IAAI,CAAC,CAAA;;;wDAAc,OAAO,oBAAP,OAAO;qDAE7D;AAID;IAFC,MAAM,CAAC,6BAA6B,CAAC;IACrC,WAAW,CAAC,EAAE,MAAM,EAAE,GAAG,EAAE,WAAW,EAAE,wCAAwC,EAAE,CAAC;IAC9C,WAAA,KAAK,CAAC,UAAU,CAAC,CAAA;;;wDAAoB,OAAO,oBAAP,OAAO;6DAKjF;AAKD;IAFC,MAAM,CAAC,iBAAiB,CAAC;IACzB,WAAW,CAAC,EAAE,MAAM,EAAE,GAAG,EAAE,WAAW,EAAE,wCAAwC,EAAE,CAAC;IACpD,WAAA,KAAK,CAAC,IAAI,CAAC,CAAA;;;wDAAc,OAAO,oBAAP,OAAO;uDAI/D;AAMD;IAFC,GAAG,CAAC,KAAK,CAAC;IACV,WAAW,CAAC,EAAE,MAAM,EAAE,GAAG,EAAE,WAAW,EAAE,yCAAyC,EAAE,CAAC;IACzD,WAAA,KAAK,CAAC,IAAI,CAAC,CAAA,EAAc,WAAA,IAAI,EAAE,CAAA;;iEAAe,aAAa,oBAAb,aAAa;wDAAG,OAAO,oBAAP,OAAO;mDAMhG;AAhEQ,cAAc;IAF1B,UAAU,CAAC,MAAM,CAAC;IAClB,UAAU,CAAC,MAAM,CAAC;yDAG2B,WAAW,oBAAX,WAAW;GAF5C,cAAc,CAqE1B;SArEY,cAAc","sourcesContent":["import {\r\n    Controller, Get, Response, HttpStatus, Param, Body, Post,\r\n    Request, Patch, Delete, Put\r\n} from '@nestjs/common';\r\nimport { Userservice } from './userservice';\r\nimport { userserviceI } from './interfaces/userserviceI';\r\nimport { userI } from './interfaces/userinterface';\r\nimport { CreateUserDto } from './dto/user.dto';\r\n\r\nimport { ApiResponse, ApiUseTags } from '@nestjs/swagger';\r\n\r\n\r\n\r\n@Controller('user')\r\n@ApiUseTags('user')\r\nexport class Usercontroller {\r\n\r\n    constructor(private readonly userService: Userservice) { }\r\n\r\n    @Post()\r\n    @ApiResponse({ status: 201, description: 'The user has been successfully created.' })\r\n    public async createUser(@Body() createUserBody: CreateUserDto): Promise<userI> {\r\n\r\n        console.log(\"aqui se crea el user \", createUserBody);\r\n        let userCreated = await this.userService.createUser(createUserBody);\r\n        return userCreated;\r\n    }\r\n\r\n    @Get()\r\n    @ApiResponse({ status: 200, description: 'Everything is correct to show all user' })\r\n    public async findAllUsers(): Promise<userI[]> {\r\n\r\n        return await this.userService.findAll();\r\n\r\n    }\r\n\r\n\r\n    @Get('/getbyusername/:username')\r\n    @ApiResponse({ status: 200, description: 'Everything is correct to show a user' })\r\n    public async findOneUserByUsername(@Param('username') username: string): Promise<userI> {\r\n\r\n        console.log(\"username a buscar \", username);\r\n        return await this.userService.getOneUserByUsername(username);\r\n    }\r\n\r\n    @Get('getbyid/:id')\r\n    @ApiResponse({ status: 200, description: 'Everything is correct to show a user' })\r\n    public async findOneUserById(@Param('id') id: string): Promise<userI> {\r\n        return await this.userService.getOneUserById(id);\r\n    }\r\n\r\n    @Delete('/deletebyusername/:username')\r\n    @ApiResponse({ status: 200, description: 'The user has been deleted succesfully.' })\r\n    public async deleteOneUserByUsername(@Param('username') username: string): Promise<userI> {\r\n\r\n        console.log('entro aca eliminar por username');\r\n        return await this.userService.deleteOneUserByUsername(username);\r\n\r\n    }\r\n\r\n\r\n    @Delete('/deletebyid/:id')\r\n    @ApiResponse({ status: 200, description: 'The user has been deleted succesfully.' })\r\n    public async deleteOneUserById(@Param('id') id: string): Promise<userI> {\r\n\r\n        return await this.userService.deleteOneUserById(id);\r\n\r\n    }\r\n\r\n\r\n\r\n    @Put(':id')\r\n    @ApiResponse({ status: 201, description: 'The user has been successfully updated.' })\r\n    public async updateOneUser(@Param('id') id: string, @Body() userToUpdate: CreateUserDto): Promise<userI> {\r\n\r\n        console.log(\"El id \", id);\r\n        console.log(\"Nota a actualizar \", userToUpdate);\r\n        return await this.userService.updateUser(id, userToUpdate);\r\n\r\n    }\r\n\r\n\r\n\r\n\r\n}\r\n"]},"_coverageSchema":"332fd63041d2c1bcb487cc26dd0d5f7d97098a6c","hash":"e742589843f3ffbf66c7e63f408995837b269ad7"}
,"C:\\Users\\ASUS\\Desktop\\Nest Js Documentation\\prueba\\src\\user\\userservice.ts": {"path":"C:\\Users\\ASUS\\Desktop\\Nest Js Documentation\\prueba\\src\\user\\userservice.ts","statementMap":{"0":{"start":{"line":1,"column":17},"end":{"line":6,"column":1}},"1":{"start":{"line":2,"column":12},"end":{"line":2,"column":28}},"2":{"start":{"line":2,"column":34},"end":{"line":2,"column":125}},"3":{"start":{"line":3,"column":4},"end":{"line":4,"column":150}},"4":{"start":{"line":3,"column":79},"end":{"line":3,"column":131}},"5":{"start":{"line":4,"column":9},"end":{"line":4,"column":150}},"6":{"start":{"line":4,"column":58},"end":{"line":4,"column":150}},"7":{"start":{"line":4,"column":81},"end":{"line":4,"column":150}},"8":{"start":{"line":5,"column":4},"end":{"line":5,"column":66}},"9":{"start":{"line":7,"column":17},"end":{"line":9,"column":1}},"10":{"start":{"line":8,"column":4},"end":{"line":8,"column":109}},"11":{"start":{"line":8,"column":79},"end":{"line":8,"column":109}},"12":{"start":{"line":10,"column":14},"end":{"line":12,"column":1}},"13":{"start":{"line":11,"column":4},"end":{"line":11,"column":73}},"14":{"start":{"line":11,"column":36},"end":{"line":11,"column":71}},"15":{"start":{"line":13,"column":16},"end":{"line":20,"column":1}},"16":{"start":{"line":14,"column":4},"end":{"line":19,"column":7}},"17":{"start":{"line":15,"column":36},"end":{"line":15,"column":97}},"18":{"start":{"line":15,"column":42},"end":{"line":15,"column":70}},"19":{"start":{"line":15,"column":85},"end":{"line":15,"column":95}},"20":{"start":{"line":16,"column":35},"end":{"line":16,"column":100}},"21":{"start":{"line":16,"column":41},"end":{"line":16,"column":73}},"22":{"start":{"line":16,"column":88},"end":{"line":16,"column":98}},"23":{"start":{"line":17,"column":32},"end":{"line":17,"column":149}},"24":{"start":{"line":17,"column":97},"end":{"line":17,"column":119}},"25":{"start":{"line":18,"column":8},"end":{"line":18,"column":78}},"26":{"start":{"line":25,"column":18},"end":{"line":74,"column":1}},"27":{"start":{"line":27,"column":8},"end":{"line":27,"column":35}},"28":{"start":{"line":30,"column":8},"end":{"line":33,"column":11}},"29":{"start":{"line":31,"column":35},"end":{"line":31,"column":63}},"30":{"start":{"line":32,"column":12},"end":{"line":32,"column":47}},"31":{"start":{"line":36,"column":8},"end":{"line":38,"column":11}},"32":{"start":{"line":37,"column":12},"end":{"line":37,"column":54}},"33":{"start":{"line":41,"column":8},"end":{"line":43,"column":11}},"34":{"start":{"line":42,"column":12},"end":{"line":42,"column":64}},"35":{"start":{"line":46,"column":8},"end":{"line":49,"column":11}},"36":{"start":{"line":47,"column":12},"end":{"line":47,"column":46}},"37":{"start":{"line":48,"column":12},"end":{"line":48,"column":75}},"38":{"start":{"line":52,"column":8},"end":{"line":55,"column":11}},"39":{"start":{"line":53,"column":12},"end":{"line":53,"column":52}},"40":{"start":{"line":54,"column":12},"end":{"line":54,"column":73}},"41":{"start":{"line":58,"column":8},"end":{"line":61,"column":11}},"42":{"start":{"line":59,"column":12},"end":{"line":59,"column":52}},"43":{"start":{"line":60,"column":12},"end":{"line":60,"column":77}},"44":{"start":{"line":64,"column":8},"end":{"line":72,"column":11}},"45":{"start":{"line":65,"column":23},"end":{"line":65,"column":67}},"46":{"start":{"line":66,"column":12},"end":{"line":71,"column":13}},"47":{"start":{"line":67,"column":16},"end":{"line":67,"column":78}},"48":{"start":{"line":70,"column":16},"end":{"line":70,"column":90}},"49":{"start":{"line":75,"column":0},"end":{"line":79,"column":16}}},"fnMap":{"0":{"name":"(anonymous_0)","decl":{"start":{"line":1,"column":46},"end":{"line":1,"column":47}},"loc":{"start":{"line":1,"column":87},"end":{"line":6,"column":1}},"line":1},"1":{"name":"(anonymous_1)","decl":{"start":{"line":7,"column":46},"end":{"line":7,"column":47}},"loc":{"start":{"line":7,"column":62},"end":{"line":9,"column":1}},"line":7},"2":{"name":"(anonymous_2)","decl":{"start":{"line":10,"column":40},"end":{"line":10,"column":41}},"loc":{"start":{"line":10,"column":73},"end":{"line":12,"column":1}},"line":10},"3":{"name":"(anonymous_3)","decl":{"start":{"line":11,"column":11},"end":{"line":11,"column":12}},"loc":{"start":{"line":11,"column":34},"end":{"line":11,"column":73}},"line":11},"4":{"name":"(anonymous_4)","decl":{"start":{"line":13,"column":44},"end":{"line":13,"column":45}},"loc":{"start":{"line":13,"column":89},"end":{"line":20,"column":1}},"line":13},"5":{"name":"(anonymous_5)","decl":{"start":{"line":14,"column":36},"end":{"line":14,"column":37}},"loc":{"start":{"line":14,"column":63},"end":{"line":19,"column":5}},"line":14},"6":{"name":"fulfilled","decl":{"start":{"line":15,"column":17},"end":{"line":15,"column":26}},"loc":{"start":{"line":15,"column":34},"end":{"line":15,"column":99}},"line":15},"7":{"name":"rejected","decl":{"start":{"line":16,"column":17},"end":{"line":16,"column":25}},"loc":{"start":{"line":16,"column":33},"end":{"line":16,"column":102}},"line":16},"8":{"name":"step","decl":{"start":{"line":17,"column":17},"end":{"line":17,"column":21}},"loc":{"start":{"line":17,"column":30},"end":{"line":17,"column":151}},"line":17},"9":{"name":"(anonymous_9)","decl":{"start":{"line":17,"column":76},"end":{"line":17,"column":77}},"loc":{"start":{"line":17,"column":95},"end":{"line":17,"column":121}},"line":17},"10":{"name":"(anonymous_10)","decl":{"start":{"line":26,"column":4},"end":{"line":26,"column":5}},"loc":{"start":{"line":26,"column":27},"end":{"line":28,"column":5}},"line":26},"11":{"name":"(anonymous_11)","decl":{"start":{"line":29,"column":4},"end":{"line":29,"column":5}},"loc":{"start":{"line":29,"column":25},"end":{"line":34,"column":5}},"line":29},"12":{"name":"(anonymous_12)","decl":{"start":{"line":30,"column":47},"end":{"line":30,"column":48}},"loc":{"start":{"line":30,"column":60},"end":{"line":33,"column":9}},"line":30},"13":{"name":"(anonymous_13)","decl":{"start":{"line":35,"column":4},"end":{"line":35,"column":5}},"loc":{"start":{"line":35,"column":14},"end":{"line":39,"column":5}},"line":35},"14":{"name":"(anonymous_14)","decl":{"start":{"line":36,"column":47},"end":{"line":36,"column":48}},"loc":{"start":{"line":36,"column":60},"end":{"line":38,"column":9}},"line":36},"15":{"name":"(anonymous_15)","decl":{"start":{"line":40,"column":4},"end":{"line":40,"column":5}},"loc":{"start":{"line":40,"column":27},"end":{"line":44,"column":5}},"line":40},"16":{"name":"(anonymous_16)","decl":{"start":{"line":41,"column":47},"end":{"line":41,"column":48}},"loc":{"start":{"line":41,"column":60},"end":{"line":43,"column":9}},"line":41},"17":{"name":"(anonymous_17)","decl":{"start":{"line":45,"column":4},"end":{"line":45,"column":5}},"loc":{"start":{"line":45,"column":31},"end":{"line":50,"column":5}},"line":45},"18":{"name":"(anonymous_18)","decl":{"start":{"line":46,"column":47},"end":{"line":46,"column":48}},"loc":{"start":{"line":46,"column":60},"end":{"line":49,"column":9}},"line":46},"19":{"name":"(anonymous_19)","decl":{"start":{"line":51,"column":4},"end":{"line":51,"column":5}},"loc":{"start":{"line":51,"column":30},"end":{"line":56,"column":5}},"line":51},"20":{"name":"(anonymous_20)","decl":{"start":{"line":52,"column":47},"end":{"line":52,"column":48}},"loc":{"start":{"line":52,"column":60},"end":{"line":55,"column":9}},"line":52},"21":{"name":"(anonymous_21)","decl":{"start":{"line":57,"column":4},"end":{"line":57,"column":5}},"loc":{"start":{"line":57,"column":34},"end":{"line":62,"column":5}},"line":57},"22":{"name":"(anonymous_22)","decl":{"start":{"line":58,"column":47},"end":{"line":58,"column":48}},"loc":{"start":{"line":58,"column":60},"end":{"line":61,"column":9}},"line":58},"23":{"name":"(anonymous_23)","decl":{"start":{"line":63,"column":4},"end":{"line":63,"column":5}},"loc":{"start":{"line":63,"column":36},"end":{"line":73,"column":5}},"line":63},"24":{"name":"(anonymous_24)","decl":{"start":{"line":64,"column":47},"end":{"line":64,"column":48}},"loc":{"start":{"line":64,"column":60},"end":{"line":72,"column":9}},"line":64}},"branchMap":{"0":{"loc":{"start":{"line":1,"column":17},"end":{"line":6,"column":1}},"type":"binary-expr","locations":[{"start":{"line":1,"column":18},"end":{"line":1,"column":22}},{"start":{"line":1,"column":26},"end":{"line":1,"column":41}},{"start":{"line":1,"column":46},"end":{"line":6,"column":1}}],"line":1},"1":{"loc":{"start":{"line":2,"column":34},"end":{"line":2,"column":125}},"type":"cond-expr","locations":[{"start":{"line":2,"column":42},"end":{"line":2,"column":48}},{"start":{"line":2,"column":51},"end":{"line":2,"column":125}}],"line":2},"2":{"loc":{"start":{"line":2,"column":51},"end":{"line":2,"column":125}},"type":"cond-expr","locations":[{"start":{"line":2,"column":67},"end":{"line":2,"column":118}},{"start":{"line":2,"column":121},"end":{"line":2,"column":125}}],"line":2},"3":{"loc":{"start":{"line":3,"column":4},"end":{"line":4,"column":150}},"type":"if","locations":[{"start":{"line":3,"column":4},"end":{"line":4,"column":150}},{"start":{"line":3,"column":4},"end":{"line":4,"column":150}}],"line":3},"4":{"loc":{"start":{"line":3,"column":8},"end":{"line":3,"column":77}},"type":"binary-expr","locations":[{"start":{"line":3,"column":8},"end":{"line":3,"column":35}},{"start":{"line":3,"column":39},"end":{"line":3,"column":77}}],"line":3},"5":{"loc":{"start":{"line":4,"column":58},"end":{"line":4,"column":150}},"type":"if","locations":[{"start":{"line":4,"column":58},"end":{"line":4,"column":150}},{"start":{"line":4,"column":58},"end":{"line":4,"column":150}}],"line":4},"6":{"loc":{"start":{"line":4,"column":85},"end":{"line":4,"column":149}},"type":"binary-expr","locations":[{"start":{"line":4,"column":86},"end":{"line":4,"column":143}},{"start":{"line":4,"column":148},"end":{"line":4,"column":149}}],"line":4},"7":{"loc":{"start":{"line":4,"column":86},"end":{"line":4,"column":143}},"type":"cond-expr","locations":[{"start":{"line":4,"column":94},"end":{"line":4,"column":98}},{"start":{"line":4,"column":101},"end":{"line":4,"column":143}}],"line":4},"8":{"loc":{"start":{"line":4,"column":101},"end":{"line":4,"column":143}},"type":"cond-expr","locations":[{"start":{"line":4,"column":109},"end":{"line":4,"column":126}},{"start":{"line":4,"column":129},"end":{"line":4,"column":143}}],"line":4},"9":{"loc":{"start":{"line":5,"column":11},"end":{"line":5,"column":62}},"type":"binary-expr","locations":[{"start":{"line":5,"column":11},"end":{"line":5,"column":16}},{"start":{"line":5,"column":20},"end":{"line":5,"column":21}},{"start":{"line":5,"column":25},"end":{"line":5,"column":62}}],"line":5},"10":{"loc":{"start":{"line":7,"column":17},"end":{"line":9,"column":1}},"type":"binary-expr","locations":[{"start":{"line":7,"column":18},"end":{"line":7,"column":22}},{"start":{"line":7,"column":26},"end":{"line":7,"column":41}},{"start":{"line":7,"column":46},"end":{"line":9,"column":1}}],"line":7},"11":{"loc":{"start":{"line":8,"column":4},"end":{"line":8,"column":109}},"type":"if","locations":[{"start":{"line":8,"column":4},"end":{"line":8,"column":109}},{"start":{"line":8,"column":4},"end":{"line":8,"column":109}}],"line":8},"12":{"loc":{"start":{"line":8,"column":8},"end":{"line":8,"column":77}},"type":"binary-expr","locations":[{"start":{"line":8,"column":8},"end":{"line":8,"column":35}},{"start":{"line":8,"column":39},"end":{"line":8,"column":77}}],"line":8},"13":{"loc":{"start":{"line":10,"column":14},"end":{"line":12,"column":1}},"type":"binary-expr","locations":[{"start":{"line":10,"column":15},"end":{"line":10,"column":19}},{"start":{"line":10,"column":23},"end":{"line":10,"column":35}},{"start":{"line":10,"column":40},"end":{"line":12,"column":1}}],"line":10},"14":{"loc":{"start":{"line":13,"column":16},"end":{"line":20,"column":1}},"type":"binary-expr","locations":[{"start":{"line":13,"column":17},"end":{"line":13,"column":21}},{"start":{"line":13,"column":25},"end":{"line":13,"column":39}},{"start":{"line":13,"column":44},"end":{"line":20,"column":1}}],"line":13},"15":{"loc":{"start":{"line":14,"column":16},"end":{"line":14,"column":34}},"type":"binary-expr","locations":[{"start":{"line":14,"column":16},"end":{"line":14,"column":17}},{"start":{"line":14,"column":22},"end":{"line":14,"column":33}}],"line":14},"16":{"loc":{"start":{"line":17,"column":32},"end":{"line":17,"column":148}},"type":"cond-expr","locations":[{"start":{"line":17,"column":46},"end":{"line":17,"column":67}},{"start":{"line":17,"column":70},"end":{"line":17,"column":148}}],"line":17},"17":{"loc":{"start":{"line":18,"column":51},"end":{"line":18,"column":67}},"type":"binary-expr","locations":[{"start":{"line":18,"column":51},"end":{"line":18,"column":61}},{"start":{"line":18,"column":65},"end":{"line":18,"column":67}}],"line":18},"18":{"loc":{"start":{"line":66,"column":12},"end":{"line":71,"column":13}},"type":"if","locations":[{"start":{"line":66,"column":12},"end":{"line":71,"column":13}},{"start":{"line":66,"column":12},"end":{"line":71,"column":13}}],"line":66},"19":{"loc":{"start":{"line":78,"column":37},"end":{"line":78,"column":119}},"type":"binary-expr","locations":[{"start":{"line":78,"column":37},"end":{"line":78,"column":103}},{"start":{"line":78,"column":107},"end":{"line":78,"column":109}},{"start":{"line":78,"column":113},"end":{"line":78,"column":119}}],"line":78},"20":{"loc":{"start":{"line":78,"column":50},"end":{"line":78,"column":87}},"type":"binary-expr","locations":[{"start":{"line":78,"column":50},"end":{"line":78,"column":78}},{"start":{"line":78,"column":82},"end":{"line":78,"column":87}}],"line":78}},"s":{"0":1,"1":1,"2":1,"3":1,"4":1,"5":0,"6":0,"7":0,"8":1,"9":1,"10":1,"11":1,"12":1,"13":1,"14":1,"15":1,"16":0,"17":0,"18":0,"19":0,"20":0,"21":0,"22":0,"23":0,"24":0,"25":0,"26":1,"27":7,"28":0,"29":0,"30":0,"31":0,"32":0,"33":0,"34":0,"35":0,"36":0,"37":0,"38":0,"39":0,"40":0,"41":0,"42":0,"43":0,"44":0,"45":0,"46":0,"47":0,"48":0,"49":1},"f":{"0":1,"1":1,"2":1,"3":1,"4":0,"5":0,"6":0,"7":0,"8":0,"9":0,"10":7,"11":0,"12":0,"13":0,"14":0,"15":0,"16":0,"17":0,"18":0,"19":0,"20":0,"21":0,"22":0,"23":0,"24":0},"b":{"0":[1,0,1],"1":[1,0],"2":[0,0],"3":[1,0],"4":[1,1],"5":[0,0],"6":[0,0],"7":[0,0],"8":[0,0],"9":[1,0,0],"10":[1,0,1],"11":[1,0],"12":[1,1],"13":[1,0,1],"14":[1,0,1],"15":[0,0],"16":[0,0],"17":[0,0],"18":[0,0],"19":[1,1,0],"20":[1,1]},"inputSourceMap":{"version":3,"file":"userservice.js","sourceRoot":"","sources":["userservice.ts"],"names":[],"mappings":";;;;;;;;;;;;;;;;;;;;;AAAA,OAAO,EAAE,UAAU,EAAE,MAAM,gBAAgB,CAAC;AAC5C,OAAO,EAAE,WAAW,EAAE,MAAM,kBAAkB,CAAC;AAC/C,OAAO,EAAE,KAAK,EAAE,MAAM,UAAU,CAAC;AAMjC,IAAa,WAAW,GAAxB;IAGI,YAAkD,SAAuB;QAAvB,cAAS,GAAT,SAAS,CAAc;IACzE,CAAC;IAEK,UAAU,CAAC,QAAuB;;YAEpC,MAAM,cAAc,GAAG,IAAI,IAAI,CAAC,SAAS,CAAC,QAAQ,CAAC,CAAC;YACpD,OAAO,MAAM,cAAc,CAAC,IAAI,EAAE,CAAC;QACvC,CAAC;KAAA;IAEK,OAAO;;YACT,OAAO,MAAM,IAAI,CAAC,SAAS,CAAC,IAAI,EAAE,CAAC,IAAI,EAAE,CAAC;QAC9C,CAAC;KAAA;IAEK,cAAc,CAAC,MAAc;;YAC/B,OAAO,MAAM,IAAI,CAAC,SAAS,CAAC,QAAQ,CAAC,MAAM,CAAC,CAAC,IAAI,EAAE,CAAC;QACxD,CAAC;KAAA;IAGK,oBAAoB,CAAC,IAAY;;YACnC,OAAO,CAAC,GAAG,CAAC,cAAc,EAAE,IAAI,CAAC,CAAA;YACjC,OAAO,MAAM,IAAI,CAAC,SAAS,CAAC,OAAO,CAAC,EAAC,QAAQ,EAAC,IAAI,EAAC,CAAC,CAAC,IAAI,EAAE,CAAC;QAChE,CAAC;KAAA;IAEK,iBAAiB,CAAC,MAAc;;YAElC,OAAO,CAAC,GAAG,CAAC,kBAAkB,EAAE,MAAM,CAAC,CAAC;YACxC,OAAO,MAAM,IAAI,CAAC,SAAS,CAAC,iBAAiB,CAAC,MAAM,CAAC,CAAC,IAAI,EAAE,CAAC;QACjE,CAAC;KAAA;IAGK,uBAAuB,CAAC,IAAY;;YAEtC,OAAO,CAAC,GAAG,CAAC,oBAAoB,EAAE,IAAI,CAAC,CAAC;YACxC,OAAO,MAAM,IAAI,CAAC,SAAS,CAAC,SAAS,CAAC,EAAC,QAAQ,EAAC,IAAI,EAAC,CAAC,CAAC,IAAI,EAAE,CAAC;QAClE,CAAC;KAAA;IAGK,UAAU,CAAC,MAAc,EAAE,WAA2B;;YAExD,IAAI,IAAI,GAAG,MAAM,IAAI,CAAC,SAAS,CAAC,QAAQ,CAAC,MAAM,CAAC,CAAC,IAAI,EAAE,CAAC;YAExD,IAAG,CAAC,IAAI,EAAC;gBACL,MAAM,IAAI,KAAK,CAAC,gBAAgB,MAAM,sBAAsB,CAAC,CAAC;aACjE;iBACG;gBACA,OAAO,MAAM,IAAI,CAAC,SAAS,CAAC,iBAAiB,CAAC,MAAM,EAAE,WAAW,CAAC,CAAC,IAAI,EAAE,CAAC;aAC7E;QAEL,CAAC;KAAA;CACJ,CAAA;AApDY,WAAW;IADvB,UAAU,EAAE;IAII,WAAA,WAAW,CAAC,MAAM,CAAC,CAAA;yDAA6B,KAAK,oBAAL,KAAK;GAHzD,WAAW,CAoDvB;SApDY,WAAW","sourcesContent":["import { Injectable } from '@nestjs/common';\r\nimport { InjectModel } from '@nestjs/mongoose';\r\nimport { Model } from 'mongoose';\r\nimport { userI } from './interfaces/userinterface';\r\nimport { userserviceI } from './interfaces/userserviceI';\r\nimport { CreateUserDto } from './dto/user.dto';\r\n\r\n@Injectable()\r\nexport class Userservice implements userserviceI {\r\n\r\n\r\n    constructor(@InjectModel('user') private readonly userModel: Model<userI>) {\r\n    }\r\n\r\n    async createUser(userBody: CreateUserDto): Promise<userI> {\r\n        \r\n        const createdNoteObj = new this.userModel(userBody);\r\n        return await createdNoteObj.save();\r\n    }\r\n\r\n    async findAll(): Promise<userI[]>{\r\n        return await this.userModel.find().exec();\r\n    }\r\n\r\n    async getOneUserById(idUser: string): Promise<userI> {\r\n        return await this.userModel.findById(idUser).exec();\r\n    }\r\n\r\n\r\n    async getOneUserByUsername(user: string): Promise<userI> {\r\n        console.log(\"el username \", user)\r\n        return await this.userModel.findOne({username:user}).exec();\r\n    }\r\n\r\n    async deleteOneUserById(idUser: string): Promise<userI> {\r\n\r\n        console.log(\"Id a a eliminar \", idUser);\r\n        return await this.userModel.findByIdAndRemove(idUser).exec();\r\n    }\r\n\r\n\r\n    async deleteOneUserByUsername(user: string): Promise<userI> {\r\n        \r\n        console.log(\"usuario a eliminar\", user);\r\n        return await this.userModel.deleteOne({username:user}).exec();\r\n    }\r\n\r\n    //Check.\r\n    async updateUser(idUser: string, newUserBody : CreateUserDto )/*: Promise<note>*/{\r\n\r\n        let note = await this.userModel.findById(idUser).exec();\r\n\r\n        if(!note){\r\n            throw new Error(`User with ID ${idUser} not found in the DB`);\r\n        }\r\n        else{\r\n            return await this.userModel.findByIdAndUpdate(idUser, newUserBody).exec();\r\n        }\r\n        \r\n    } \r\n}\r\n"]},"_coverageSchema":"332fd63041d2c1bcb487cc26dd0d5f7d97098a6c","hash":"bebc426dd960ea4908f2e486ba91c597213595fd"}
,"C:\\Users\\ASUS\\Desktop\\Nest Js Documentation\\prueba\\src\\user\\dto\\user.dto.ts": {"path":"C:\\Users\\ASUS\\Desktop\\Nest Js Documentation\\prueba\\src\\user\\dto\\user.dto.ts","statementMap":{"0":{"start":{"line":1,"column":17},"end":{"line":6,"column":1}},"1":{"start":{"line":2,"column":12},"end":{"line":2,"column":28}},"2":{"start":{"line":2,"column":34},"end":{"line":2,"column":125}},"3":{"start":{"line":3,"column":4},"end":{"line":4,"column":150}},"4":{"start":{"line":3,"column":79},"end":{"line":3,"column":131}},"5":{"start":{"line":4,"column":9},"end":{"line":4,"column":150}},"6":{"start":{"line":4,"column":58},"end":{"line":4,"column":150}},"7":{"start":{"line":4,"column":81},"end":{"line":4,"column":150}},"8":{"start":{"line":5,"column":4},"end":{"line":5,"column":66}},"9":{"start":{"line":7,"column":17},"end":{"line":9,"column":1}},"10":{"start":{"line":8,"column":4},"end":{"line":8,"column":109}},"11":{"start":{"line":8,"column":79},"end":{"line":8,"column":109}},"12":{"start":{"line":13,"column":0},"end":{"line":16,"column":48}},"13":{"start":{"line":17,"column":0},"end":{"line":20,"column":44}}},"fnMap":{"0":{"name":"(anonymous_0)","decl":{"start":{"line":1,"column":46},"end":{"line":1,"column":47}},"loc":{"start":{"line":1,"column":87},"end":{"line":6,"column":1}},"line":1},"1":{"name":"(anonymous_1)","decl":{"start":{"line":7,"column":46},"end":{"line":7,"column":47}},"loc":{"start":{"line":7,"column":62},"end":{"line":9,"column":1}},"line":7}},"branchMap":{"0":{"loc":{"start":{"line":1,"column":17},"end":{"line":6,"column":1}},"type":"binary-expr","locations":[{"start":{"line":1,"column":18},"end":{"line":1,"column":22}},{"start":{"line":1,"column":26},"end":{"line":1,"column":41}},{"start":{"line":1,"column":46},"end":{"line":6,"column":1}}],"line":1},"1":{"loc":{"start":{"line":2,"column":34},"end":{"line":2,"column":125}},"type":"cond-expr","locations":[{"start":{"line":2,"column":42},"end":{"line":2,"column":48}},{"start":{"line":2,"column":51},"end":{"line":2,"column":125}}],"line":2},"2":{"loc":{"start":{"line":2,"column":51},"end":{"line":2,"column":125}},"type":"cond-expr","locations":[{"start":{"line":2,"column":67},"end":{"line":2,"column":118}},{"start":{"line":2,"column":121},"end":{"line":2,"column":125}}],"line":2},"3":{"loc":{"start":{"line":3,"column":4},"end":{"line":4,"column":150}},"type":"if","locations":[{"start":{"line":3,"column":4},"end":{"line":4,"column":150}},{"start":{"line":3,"column":4},"end":{"line":4,"column":150}}],"line":3},"4":{"loc":{"start":{"line":3,"column":8},"end":{"line":3,"column":77}},"type":"binary-expr","locations":[{"start":{"line":3,"column":8},"end":{"line":3,"column":35}},{"start":{"line":3,"column":39},"end":{"line":3,"column":77}}],"line":3},"5":{"loc":{"start":{"line":4,"column":58},"end":{"line":4,"column":150}},"type":"if","locations":[{"start":{"line":4,"column":58},"end":{"line":4,"column":150}},{"start":{"line":4,"column":58},"end":{"line":4,"column":150}}],"line":4},"6":{"loc":{"start":{"line":4,"column":85},"end":{"line":4,"column":149}},"type":"binary-expr","locations":[{"start":{"line":4,"column":86},"end":{"line":4,"column":143}},{"start":{"line":4,"column":148},"end":{"line":4,"column":149}}],"line":4},"7":{"loc":{"start":{"line":4,"column":86},"end":{"line":4,"column":143}},"type":"cond-expr","locations":[{"start":{"line":4,"column":94},"end":{"line":4,"column":98}},{"start":{"line":4,"column":101},"end":{"line":4,"column":143}}],"line":4},"8":{"loc":{"start":{"line":4,"column":101},"end":{"line":4,"column":143}},"type":"cond-expr","locations":[{"start":{"line":4,"column":109},"end":{"line":4,"column":126}},{"start":{"line":4,"column":129},"end":{"line":4,"column":143}}],"line":4},"9":{"loc":{"start":{"line":5,"column":11},"end":{"line":5,"column":62}},"type":"binary-expr","locations":[{"start":{"line":5,"column":11},"end":{"line":5,"column":16}},{"start":{"line":5,"column":20},"end":{"line":5,"column":21}},{"start":{"line":5,"column":25},"end":{"line":5,"column":62}}],"line":5},"10":{"loc":{"start":{"line":7,"column":17},"end":{"line":9,"column":1}},"type":"binary-expr","locations":[{"start":{"line":7,"column":18},"end":{"line":7,"column":22}},{"start":{"line":7,"column":26},"end":{"line":7,"column":41}},{"start":{"line":7,"column":46},"end":{"line":9,"column":1}}],"line":7},"11":{"loc":{"start":{"line":8,"column":4},"end":{"line":8,"column":109}},"type":"if","locations":[{"start":{"line":8,"column":4},"end":{"line":8,"column":109}},{"start":{"line":8,"column":4},"end":{"line":8,"column":109}}],"line":8},"12":{"loc":{"start":{"line":8,"column":8},"end":{"line":8,"column":77}},"type":"binary-expr","locations":[{"start":{"line":8,"column":8},"end":{"line":8,"column":35}},{"start":{"line":8,"column":39},"end":{"line":8,"column":77}}],"line":8}},"s":{"0":1,"1":2,"2":2,"3":2,"4":2,"5":0,"6":0,"7":0,"8":2,"9":1,"10":2,"11":2,"12":1,"13":1},"f":{"0":2,"1":2},"b":{"0":[1,0,1],"1":[0,2],"2":[0,2],"3":[2,0],"4":[2,2],"5":[0,0],"6":[0,0],"7":[0,0],"8":[0,0],"9":[2,2,0],"10":[1,0,1],"11":[2,0],"12":[2,2]},"inputSourceMap":{"version":3,"file":"user.dto.js","sourceRoot":"","sources":["user.dto.ts"],"names":[],"mappings":";;;;;;;;;AAAA,OAAO,EAAE,gBAAgB,EAAE,MAAM,iBAAiB,CAAC;AAEnD,MAAM;CAOL;AALG;IADC,gBAAgB,EAAE;;+CACO;AAG1B;IADC,gBAAgB,EAAE;;2CACG","sourcesContent":["import { ApiModelProperty } from '@nestjs/swagger';\r\n\r\nexport class CreateUserDto {\r\n    @ApiModelProperty()\r\n    readonly username: string;\r\n\r\n    @ApiModelProperty()\r\n    readonly name: string;\r\n\r\n}"]},"_coverageSchema":"332fd63041d2c1bcb487cc26dd0d5f7d97098a6c","hash":"e813b5be615399b5e31a664c8313b82b551d9772"}
}
