{"C:\\Users\\ASUS\\Desktop\\Nest Js Documentation\\prueba\\src\\app.controller.ts": {"path":"C:\\Users\\ASUS\\Desktop\\Nest Js Documentation\\prueba\\src\\app.controller.ts","statementMap":{"0":{"start":{"line":1,"column":17},"end":{"line":6,"column":1}},"1":{"start":{"line":2,"column":12},"end":{"line":2,"column":28}},"2":{"start":{"line":2,"column":34},"end":{"line":2,"column":125}},"3":{"start":{"line":3,"column":4},"end":{"line":4,"column":150}},"4":{"start":{"line":3,"column":79},"end":{"line":3,"column":131}},"5":{"start":{"line":4,"column":9},"end":{"line":4,"column":150}},"6":{"start":{"line":4,"column":58},"end":{"line":4,"column":150}},"7":{"start":{"line":4,"column":81},"end":{"line":4,"column":150}},"8":{"start":{"line":5,"column":4},"end":{"line":5,"column":66}},"9":{"start":{"line":7,"column":17},"end":{"line":9,"column":1}},"10":{"start":{"line":8,"column":4},"end":{"line":8,"column":109}},"11":{"start":{"line":8,"column":79},"end":{"line":8,"column":109}},"12":{"start":{"line":13,"column":20},"end":{"line":20,"column":1}},"13":{"start":{"line":15,"column":8},"end":{"line":15,"column":37}},"14":{"start":{"line":18,"column":8},"end":{"line":18,"column":38}},"15":{"start":{"line":21,"column":0},"end":{"line":26,"column":42}},"16":{"start":{"line":27,"column":0},"end":{"line":30,"column":18}}},"fnMap":{"0":{"name":"(anonymous_0)","decl":{"start":{"line":1,"column":46},"end":{"line":1,"column":47}},"loc":{"start":{"line":1,"column":87},"end":{"line":6,"column":1}},"line":1},"1":{"name":"(anonymous_1)","decl":{"start":{"line":7,"column":46},"end":{"line":7,"column":47}},"loc":{"start":{"line":7,"column":62},"end":{"line":9,"column":1}},"line":7},"2":{"name":"(anonymous_2)","decl":{"start":{"line":14,"column":4},"end":{"line":14,"column":5}},"loc":{"start":{"line":14,"column":28},"end":{"line":16,"column":5}},"line":14},"3":{"name":"(anonymous_3)","decl":{"start":{"line":17,"column":4},"end":{"line":17,"column":5}},"loc":{"start":{"line":17,"column":11},"end":{"line":19,"column":5}},"line":17}},"branchMap":{"0":{"loc":{"start":{"line":1,"column":17},"end":{"line":6,"column":1}},"type":"binary-expr","locations":[{"start":{"line":1,"column":18},"end":{"line":1,"column":22}},{"start":{"line":1,"column":26},"end":{"line":1,"column":41}},{"start":{"line":1,"column":46},"end":{"line":6,"column":1}}],"line":1},"1":{"loc":{"start":{"line":2,"column":34},"end":{"line":2,"column":125}},"type":"cond-expr","locations":[{"start":{"line":2,"column":42},"end":{"line":2,"column":48}},{"start":{"line":2,"column":51},"end":{"line":2,"column":125}}],"line":2},"2":{"loc":{"start":{"line":2,"column":51},"end":{"line":2,"column":125}},"type":"cond-expr","locations":[{"start":{"line":2,"column":67},"end":{"line":2,"column":118}},{"start":{"line":2,"column":121},"end":{"line":2,"column":125}}],"line":2},"3":{"loc":{"start":{"line":3,"column":4},"end":{"line":4,"column":150}},"type":"if","locations":[{"start":{"line":3,"column":4},"end":{"line":4,"column":150}},{"start":{"line":3,"column":4},"end":{"line":4,"column":150}}],"line":3},"4":{"loc":{"start":{"line":3,"column":8},"end":{"line":3,"column":77}},"type":"binary-expr","locations":[{"start":{"line":3,"column":8},"end":{"line":3,"column":35}},{"start":{"line":3,"column":39},"end":{"line":3,"column":77}}],"line":3},"5":{"loc":{"start":{"line":4,"column":58},"end":{"line":4,"column":150}},"type":"if","locations":[{"start":{"line":4,"column":58},"end":{"line":4,"column":150}},{"start":{"line":4,"column":58},"end":{"line":4,"column":150}}],"line":4},"6":{"loc":{"start":{"line":4,"column":85},"end":{"line":4,"column":149}},"type":"binary-expr","locations":[{"start":{"line":4,"column":86},"end":{"line":4,"column":143}},{"start":{"line":4,"column":148},"end":{"line":4,"column":149}}],"line":4},"7":{"loc":{"start":{"line":4,"column":86},"end":{"line":4,"column":143}},"type":"cond-expr","locations":[{"start":{"line":4,"column":94},"end":{"line":4,"column":98}},{"start":{"line":4,"column":101},"end":{"line":4,"column":143}}],"line":4},"8":{"loc":{"start":{"line":4,"column":101},"end":{"line":4,"column":143}},"type":"cond-expr","locations":[{"start":{"line":4,"column":109},"end":{"line":4,"column":126}},{"start":{"line":4,"column":129},"end":{"line":4,"column":143}}],"line":4},"9":{"loc":{"start":{"line":5,"column":11},"end":{"line":5,"column":62}},"type":"binary-expr","locations":[{"start":{"line":5,"column":11},"end":{"line":5,"column":16}},{"start":{"line":5,"column":20},"end":{"line":5,"column":21}},{"start":{"line":5,"column":25},"end":{"line":5,"column":62}}],"line":5},"10":{"loc":{"start":{"line":7,"column":17},"end":{"line":9,"column":1}},"type":"binary-expr","locations":[{"start":{"line":7,"column":18},"end":{"line":7,"column":22}},{"start":{"line":7,"column":26},"end":{"line":7,"column":41}},{"start":{"line":7,"column":46},"end":{"line":9,"column":1}}],"line":7},"11":{"loc":{"start":{"line":8,"column":4},"end":{"line":8,"column":109}},"type":"if","locations":[{"start":{"line":8,"column":4},"end":{"line":8,"column":109}},{"start":{"line":8,"column":4},"end":{"line":8,"column":109}}],"line":8},"12":{"loc":{"start":{"line":8,"column":8},"end":{"line":8,"column":77}},"type":"binary-expr","locations":[{"start":{"line":8,"column":8},"end":{"line":8,"column":35}},{"start":{"line":8,"column":39},"end":{"line":8,"column":77}}],"line":8},"13":{"loc":{"start":{"line":29,"column":37},"end":{"line":29,"column":129}},"type":"binary-expr","locations":[{"start":{"line":29,"column":37},"end":{"line":29,"column":113}},{"start":{"line":29,"column":117},"end":{"line":29,"column":119}},{"start":{"line":29,"column":123},"end":{"line":29,"column":129}}],"line":29},"14":{"loc":{"start":{"line":29,"column":50},"end":{"line":29,"column":97}},"type":"binary-expr","locations":[{"start":{"line":29,"column":50},"end":{"line":29,"column":83}},{"start":{"line":29,"column":87},"end":{"line":29,"column":97}}],"line":29}},"s":{"0":1,"1":2,"2":2,"3":2,"4":2,"5":0,"6":0,"7":0,"8":2,"9":1,"10":4,"11":4,"12":1,"13":1,"14":1,"15":1,"16":1},"f":{"0":2,"1":4,"2":1,"3":1},"b":{"0":[1,0,1],"1":[1,1],"2":[1,0],"3":[2,0],"4":[2,2],"5":[0,0],"6":[0,0],"7":[0,0],"8":[0,0],"9":[2,1,1],"10":[1,0,1],"11":[4,0],"12":[4,4],"13":[1,1,0],"14":[1,1]},"inputSourceMap":{"version":3,"file":"app.controller.js","sourceRoot":"","sources":["app.controller.ts"],"names":[],"mappings":";;;;;;;;;;AAAA,OAAO,EAAE,GAAG,EAAE,UAAU,EAAE,MAAM,gBAAgB,CAAC;AACjD,OAAO,EAAE,UAAU,EAAE,MAAM,eAAe,CAAC;AAG3C,IAAa,aAAa,GAA1B;IACE,YAA6B,UAAsB;QAAtB,eAAU,GAAV,UAAU,CAAY;IAAG,CAAC;IAGvD,IAAI;QACF,OAAO,IAAI,CAAC,UAAU,CAAC,IAAI,EAAE,CAAC;IAChC,CAAC;CACF,CAAA;AAHC;IADC,GAAG,EAAE;;;;yCAGL;AANU,aAAa;IADzB,UAAU,EAAE;yDAE8B,UAAU,oBAAV,UAAU;GADxC,aAAa,CAOzB;SAPY,aAAa","sourcesContent":["import { Get, Controller } from '@nestjs/common';\nimport { AppService } from './app.service';\n\n@Controller()\nexport class AppController {\n  constructor(private readonly appService: AppService) {}\n\n  @Get()\n  root(): string {\n    return this.appService.root();\n  }\n}\n"]},"_coverageSchema":"332fd63041d2c1bcb487cc26dd0d5f7d97098a6c","hash":"2ba8ae969584b9761285ca19fa1c9fa0c8d0e8e8"}
,"C:\\Users\\ASUS\\Desktop\\Nest Js Documentation\\prueba\\src\\app.service.ts": {"path":"C:\\Users\\ASUS\\Desktop\\Nest Js Documentation\\prueba\\src\\app.service.ts","statementMap":{"0":{"start":{"line":1,"column":17},"end":{"line":6,"column":1}},"1":{"start":{"line":2,"column":12},"end":{"line":2,"column":28}},"2":{"start":{"line":2,"column":34},"end":{"line":2,"column":125}},"3":{"start":{"line":3,"column":4},"end":{"line":4,"column":150}},"4":{"start":{"line":3,"column":79},"end":{"line":3,"column":131}},"5":{"start":{"line":4,"column":9},"end":{"line":4,"column":150}},"6":{"start":{"line":4,"column":58},"end":{"line":4,"column":150}},"7":{"start":{"line":4,"column":81},"end":{"line":4,"column":150}},"8":{"start":{"line":5,"column":4},"end":{"line":5,"column":66}},"9":{"start":{"line":8,"column":17},"end":{"line":12,"column":1}},"10":{"start":{"line":10,"column":8},"end":{"line":10,"column":24}},"11":{"start":{"line":13,"column":0},"end":{"line":15,"column":15}}},"fnMap":{"0":{"name":"(anonymous_0)","decl":{"start":{"line":1,"column":46},"end":{"line":1,"column":47}},"loc":{"start":{"line":1,"column":87},"end":{"line":6,"column":1}},"line":1},"1":{"name":"(anonymous_1)","decl":{"start":{"line":9,"column":4},"end":{"line":9,"column":5}},"loc":{"start":{"line":9,"column":11},"end":{"line":11,"column":5}},"line":9}},"branchMap":{"0":{"loc":{"start":{"line":1,"column":17},"end":{"line":6,"column":1}},"type":"binary-expr","locations":[{"start":{"line":1,"column":18},"end":{"line":1,"column":22}},{"start":{"line":1,"column":26},"end":{"line":1,"column":41}},{"start":{"line":1,"column":46},"end":{"line":6,"column":1}}],"line":1},"1":{"loc":{"start":{"line":2,"column":34},"end":{"line":2,"column":125}},"type":"cond-expr","locations":[{"start":{"line":2,"column":42},"end":{"line":2,"column":48}},{"start":{"line":2,"column":51},"end":{"line":2,"column":125}}],"line":2},"2":{"loc":{"start":{"line":2,"column":51},"end":{"line":2,"column":125}},"type":"cond-expr","locations":[{"start":{"line":2,"column":67},"end":{"line":2,"column":118}},{"start":{"line":2,"column":121},"end":{"line":2,"column":125}}],"line":2},"3":{"loc":{"start":{"line":3,"column":4},"end":{"line":4,"column":150}},"type":"if","locations":[{"start":{"line":3,"column":4},"end":{"line":4,"column":150}},{"start":{"line":3,"column":4},"end":{"line":4,"column":150}}],"line":3},"4":{"loc":{"start":{"line":3,"column":8},"end":{"line":3,"column":77}},"type":"binary-expr","locations":[{"start":{"line":3,"column":8},"end":{"line":3,"column":35}},{"start":{"line":3,"column":39},"end":{"line":3,"column":77}}],"line":3},"5":{"loc":{"start":{"line":4,"column":58},"end":{"line":4,"column":150}},"type":"if","locations":[{"start":{"line":4,"column":58},"end":{"line":4,"column":150}},{"start":{"line":4,"column":58},"end":{"line":4,"column":150}}],"line":4},"6":{"loc":{"start":{"line":4,"column":85},"end":{"line":4,"column":149}},"type":"binary-expr","locations":[{"start":{"line":4,"column":86},"end":{"line":4,"column":143}},{"start":{"line":4,"column":148},"end":{"line":4,"column":149}}],"line":4},"7":{"loc":{"start":{"line":4,"column":86},"end":{"line":4,"column":143}},"type":"cond-expr","locations":[{"start":{"line":4,"column":94},"end":{"line":4,"column":98}},{"start":{"line":4,"column":101},"end":{"line":4,"column":143}}],"line":4},"8":{"loc":{"start":{"line":4,"column":101},"end":{"line":4,"column":143}},"type":"cond-expr","locations":[{"start":{"line":4,"column":109},"end":{"line":4,"column":126}},{"start":{"line":4,"column":129},"end":{"line":4,"column":143}}],"line":4},"9":{"loc":{"start":{"line":5,"column":11},"end":{"line":5,"column":62}},"type":"binary-expr","locations":[{"start":{"line":5,"column":11},"end":{"line":5,"column":16}},{"start":{"line":5,"column":20},"end":{"line":5,"column":21}},{"start":{"line":5,"column":25},"end":{"line":5,"column":62}}],"line":5}},"s":{"0":1,"1":1,"2":1,"3":1,"4":1,"5":0,"6":0,"7":0,"8":1,"9":1,"10":1,"11":1},"f":{"0":1,"1":1},"b":{"0":[1,0,1],"1":[1,0],"2":[0,0],"3":[1,0],"4":[1,1],"5":[0,0],"6":[0,0],"7":[0,0],"8":[0,0],"9":[1,0,0]},"inputSourceMap":{"version":3,"file":"app.service.js","sourceRoot":"","sources":["app.service.ts"],"names":[],"mappings":";;;;;;AAAA,OAAO,EAAE,UAAU,EAAE,MAAM,gBAAgB,CAAC;AAG5C,IAAa,UAAU,GAAvB;IACE,IAAI;QACF,OAAO,QAAQ,CAAC;IAClB,CAAC;CACF,CAAA;AAJY,UAAU;IADtB,UAAU,EAAE;GACA,UAAU,CAItB;SAJY,UAAU","sourcesContent":["import { Injectable } from '@nestjs/common';\n\n@Injectable()\nexport class AppService {\n  root(): string {\n    return `I'm ok`;\n  }\n}\n"]},"_coverageSchema":"332fd63041d2c1bcb487cc26dd0d5f7d97098a6c","hash":"2e1d1f389ba2dad9c8759a9af969b0e0b12efd08"}
,"C:\\Users\\ASUS\\Desktop\\Nest Js Documentation\\prueba\\src\\user\\usercontroller.ts": {"path":"C:\\Users\\ASUS\\Desktop\\Nest Js Documentation\\prueba\\src\\user\\usercontroller.ts","statementMap":{"0":{"start":{"line":1,"column":17},"end":{"line":6,"column":1}},"1":{"start":{"line":2,"column":12},"end":{"line":2,"column":28}},"2":{"start":{"line":2,"column":34},"end":{"line":2,"column":125}},"3":{"start":{"line":3,"column":4},"end":{"line":4,"column":150}},"4":{"start":{"line":3,"column":79},"end":{"line":3,"column":131}},"5":{"start":{"line":4,"column":9},"end":{"line":4,"column":150}},"6":{"start":{"line":4,"column":58},"end":{"line":4,"column":150}},"7":{"start":{"line":4,"column":81},"end":{"line":4,"column":150}},"8":{"start":{"line":5,"column":4},"end":{"line":5,"column":66}},"9":{"start":{"line":7,"column":17},"end":{"line":9,"column":1}},"10":{"start":{"line":8,"column":4},"end":{"line":8,"column":109}},"11":{"start":{"line":8,"column":79},"end":{"line":8,"column":109}},"12":{"start":{"line":10,"column":14},"end":{"line":12,"column":1}},"13":{"start":{"line":11,"column":4},"end":{"line":11,"column":73}},"14":{"start":{"line":11,"column":36},"end":{"line":11,"column":71}},"15":{"start":{"line":13,"column":16},"end":{"line":20,"column":1}},"16":{"start":{"line":14,"column":4},"end":{"line":19,"column":7}},"17":{"start":{"line":15,"column":36},"end":{"line":15,"column":97}},"18":{"start":{"line":15,"column":42},"end":{"line":15,"column":70}},"19":{"start":{"line":15,"column":85},"end":{"line":15,"column":95}},"20":{"start":{"line":16,"column":35},"end":{"line":16,"column":100}},"21":{"start":{"line":16,"column":41},"end":{"line":16,"column":73}},"22":{"start":{"line":16,"column":88},"end":{"line":16,"column":98}},"23":{"start":{"line":17,"column":32},"end":{"line":17,"column":149}},"24":{"start":{"line":17,"column":97},"end":{"line":17,"column":119}},"25":{"start":{"line":18,"column":8},"end":{"line":18,"column":78}},"26":{"start":{"line":26,"column":21},"end":{"line":84,"column":1}},"27":{"start":{"line":28,"column":8},"end":{"line":28,"column":39}},"28":{"start":{"line":31,"column":8},"end":{"line":35,"column":11}},"29":{"start":{"line":32,"column":12},"end":{"line":32,"column":65}},"30":{"start":{"line":33,"column":22},"end":{"line":33,"column":71}},"31":{"start":{"line":34,"column":12},"end":{"line":34,"column":55}},"32":{"start":{"line":38,"column":8},"end":{"line":44,"column":11}},"33":{"start":{"line":39,"column":12},"end":{"line":43,"column":15}},"34":{"start":{"line":40,"column":16},"end":{"line":40,"column":53}},"35":{"start":{"line":42,"column":16},"end":{"line":42,"column":61}},"36":{"start":{"line":47,"column":8},"end":{"line":56,"column":11}},"37":{"start":{"line":48,"column":12},"end":{"line":55,"column":15}},"38":{"start":{"line":49,"column":16},"end":{"line":51,"column":17}},"39":{"start":{"line":50,"column":20},"end":{"line":50,"column":71}},"40":{"start":{"line":52,"column":16},"end":{"line":52,"column":60}},"41":{"start":{"line":54,"column":16},"end":{"line":54,"column":68}},"42":{"start":{"line":59,"column":8},"end":{"line":70,"column":11}},"43":{"start":{"line":60,"column":12},"end":{"line":60,"column":28}},"44":{"start":{"line":61,"column":12},"end":{"line":69,"column":15}},"45":{"start":{"line":62,"column":16},"end":{"line":64,"column":17}},"46":{"start":{"line":63,"column":20},"end":{"line":63,"column":71}},"47":{"start":{"line":65,"column":16},"end":{"line":65,"column":60}},"48":{"start":{"line":67,"column":16},"end":{"line":67,"column":35}},"49":{"start":{"line":68,"column":16},"end":{"line":68,"column":68}},"50":{"start":{"line":73,"column":8},"end":{"line":82,"column":11}},"51":{"start":{"line":74,"column":12},"end":{"line":74,"column":38}},"52":{"start":{"line":75,"column":12},"end":{"line":75,"column":60}},"53":{"start":{"line":76,"column":12},"end":{"line":81,"column":15}},"54":{"start":{"line":77,"column":16},"end":{"line":77,"column":45}},"55":{"start":{"line":78,"column":16},"end":{"line":78,"column":60}},"56":{"start":{"line":80,"column":16},"end":{"line":80,"column":68}},"57":{"start":{"line":85,"column":0},"end":{"line":93,"column":49}},"58":{"start":{"line":94,"column":0},"end":{"line":102,"column":51}},"59":{"start":{"line":103,"column":0},"end":{"line":112,"column":50}},"60":{"start":{"line":113,"column":0},"end":{"line":122,"column":52}},"61":{"start":{"line":123,"column":0},"end":{"line":132,"column":52}},"62":{"start":{"line":133,"column":0},"end":{"line":137,"column":19}}},"fnMap":{"0":{"name":"(anonymous_0)","decl":{"start":{"line":1,"column":46},"end":{"line":1,"column":47}},"loc":{"start":{"line":1,"column":87},"end":{"line":6,"column":1}},"line":1},"1":{"name":"(anonymous_1)","decl":{"start":{"line":7,"column":46},"end":{"line":7,"column":47}},"loc":{"start":{"line":7,"column":62},"end":{"line":9,"column":1}},"line":7},"2":{"name":"(anonymous_2)","decl":{"start":{"line":10,"column":40},"end":{"line":10,"column":41}},"loc":{"start":{"line":10,"column":73},"end":{"line":12,"column":1}},"line":10},"3":{"name":"(anonymous_3)","decl":{"start":{"line":11,"column":11},"end":{"line":11,"column":12}},"loc":{"start":{"line":11,"column":34},"end":{"line":11,"column":73}},"line":11},"4":{"name":"(anonymous_4)","decl":{"start":{"line":13,"column":44},"end":{"line":13,"column":45}},"loc":{"start":{"line":13,"column":89},"end":{"line":20,"column":1}},"line":13},"5":{"name":"(anonymous_5)","decl":{"start":{"line":14,"column":36},"end":{"line":14,"column":37}},"loc":{"start":{"line":14,"column":63},"end":{"line":19,"column":5}},"line":14},"6":{"name":"fulfilled","decl":{"start":{"line":15,"column":17},"end":{"line":15,"column":26}},"loc":{"start":{"line":15,"column":34},"end":{"line":15,"column":99}},"line":15},"7":{"name":"rejected","decl":{"start":{"line":16,"column":17},"end":{"line":16,"column":25}},"loc":{"start":{"line":16,"column":33},"end":{"line":16,"column":102}},"line":16},"8":{"name":"step","decl":{"start":{"line":17,"column":17},"end":{"line":17,"column":21}},"loc":{"start":{"line":17,"column":30},"end":{"line":17,"column":151}},"line":17},"9":{"name":"(anonymous_9)","decl":{"start":{"line":17,"column":76},"end":{"line":17,"column":77}},"loc":{"start":{"line":17,"column":95},"end":{"line":17,"column":121}},"line":17},"10":{"name":"(anonymous_10)","decl":{"start":{"line":27,"column":4},"end":{"line":27,"column":5}},"loc":{"start":{"line":27,"column":29},"end":{"line":29,"column":5}},"line":27},"11":{"name":"(anonymous_11)","decl":{"start":{"line":30,"column":4},"end":{"line":30,"column":5}},"loc":{"start":{"line":30,"column":36},"end":{"line":36,"column":5}},"line":30},"12":{"name":"(anonymous_12)","decl":{"start":{"line":31,"column":47},"end":{"line":31,"column":48}},"loc":{"start":{"line":31,"column":60},"end":{"line":35,"column":9}},"line":31},"13":{"name":"(anonymous_13)","decl":{"start":{"line":37,"column":4},"end":{"line":37,"column":5}},"loc":{"start":{"line":37,"column":22},"end":{"line":45,"column":5}},"line":37},"14":{"name":"(anonymous_14)","decl":{"start":{"line":38,"column":47},"end":{"line":38,"column":48}},"loc":{"start":{"line":38,"column":60},"end":{"line":44,"column":9}},"line":38},"15":{"name":"(anonymous_15)","decl":{"start":{"line":39,"column":50},"end":{"line":39,"column":51}},"loc":{"start":{"line":39,"column":58},"end":{"line":41,"column":13}},"line":39},"16":{"name":"(anonymous_16)","decl":{"start":{"line":41,"column":15},"end":{"line":41,"column":16}},"loc":{"start":{"line":41,"column":24},"end":{"line":43,"column":13}},"line":41},"17":{"name":"(anonymous_17)","decl":{"start":{"line":46,"column":4},"end":{"line":46,"column":5}},"loc":{"start":{"line":46,"column":25},"end":{"line":57,"column":5}},"line":46},"18":{"name":"(anonymous_18)","decl":{"start":{"line":47,"column":47},"end":{"line":47,"column":48}},"loc":{"start":{"line":47,"column":60},"end":{"line":56,"column":9}},"line":47},"19":{"name":"(anonymous_19)","decl":{"start":{"line":48,"column":55},"end":{"line":48,"column":56}},"loc":{"start":{"line":48,"column":63},"end":{"line":53,"column":13}},"line":48},"20":{"name":"(anonymous_20)","decl":{"start":{"line":53,"column":21},"end":{"line":53,"column":22}},"loc":{"start":{"line":53,"column":30},"end":{"line":55,"column":13}},"line":53},"21":{"name":"(anonymous_21)","decl":{"start":{"line":58,"column":4},"end":{"line":58,"column":5}},"loc":{"start":{"line":58,"column":27},"end":{"line":71,"column":5}},"line":58},"22":{"name":"(anonymous_22)","decl":{"start":{"line":59,"column":47},"end":{"line":59,"column":48}},"loc":{"start":{"line":59,"column":60},"end":{"line":70,"column":9}},"line":59},"23":{"name":"(anonymous_23)","decl":{"start":{"line":61,"column":58},"end":{"line":61,"column":59}},"loc":{"start":{"line":61,"column":66},"end":{"line":66,"column":13}},"line":61},"24":{"name":"(anonymous_24)","decl":{"start":{"line":66,"column":21},"end":{"line":66,"column":22}},"loc":{"start":{"line":66,"column":30},"end":{"line":69,"column":13}},"line":66},"25":{"name":"(anonymous_25)","decl":{"start":{"line":72,"column":4},"end":{"line":72,"column":5}},"loc":{"start":{"line":72,"column":41},"end":{"line":83,"column":5}},"line":72},"26":{"name":"(anonymous_26)","decl":{"start":{"line":73,"column":47},"end":{"line":73,"column":48}},"loc":{"start":{"line":73,"column":60},"end":{"line":82,"column":9}},"line":73},"27":{"name":"(anonymous_27)","decl":{"start":{"line":76,"column":69},"end":{"line":76,"column":70}},"loc":{"start":{"line":76,"column":79},"end":{"line":79,"column":13}},"line":76},"28":{"name":"(anonymous_28)","decl":{"start":{"line":79,"column":21},"end":{"line":79,"column":22}},"loc":{"start":{"line":79,"column":32},"end":{"line":81,"column":13}},"line":79}},"branchMap":{"0":{"loc":{"start":{"line":1,"column":17},"end":{"line":6,"column":1}},"type":"binary-expr","locations":[{"start":{"line":1,"column":18},"end":{"line":1,"column":22}},{"start":{"line":1,"column":26},"end":{"line":1,"column":41}},{"start":{"line":1,"column":46},"end":{"line":6,"column":1}}],"line":1},"1":{"loc":{"start":{"line":2,"column":34},"end":{"line":2,"column":125}},"type":"cond-expr","locations":[{"start":{"line":2,"column":42},"end":{"line":2,"column":48}},{"start":{"line":2,"column":51},"end":{"line":2,"column":125}}],"line":2},"2":{"loc":{"start":{"line":2,"column":51},"end":{"line":2,"column":125}},"type":"cond-expr","locations":[{"start":{"line":2,"column":67},"end":{"line":2,"column":118}},{"start":{"line":2,"column":121},"end":{"line":2,"column":125}}],"line":2},"3":{"loc":{"start":{"line":3,"column":4},"end":{"line":4,"column":150}},"type":"if","locations":[{"start":{"line":3,"column":4},"end":{"line":4,"column":150}},{"start":{"line":3,"column":4},"end":{"line":4,"column":150}}],"line":3},"4":{"loc":{"start":{"line":3,"column":8},"end":{"line":3,"column":77}},"type":"binary-expr","locations":[{"start":{"line":3,"column":8},"end":{"line":3,"column":35}},{"start":{"line":3,"column":39},"end":{"line":3,"column":77}}],"line":3},"5":{"loc":{"start":{"line":4,"column":58},"end":{"line":4,"column":150}},"type":"if","locations":[{"start":{"line":4,"column":58},"end":{"line":4,"column":150}},{"start":{"line":4,"column":58},"end":{"line":4,"column":150}}],"line":4},"6":{"loc":{"start":{"line":4,"column":85},"end":{"line":4,"column":149}},"type":"binary-expr","locations":[{"start":{"line":4,"column":86},"end":{"line":4,"column":143}},{"start":{"line":4,"column":148},"end":{"line":4,"column":149}}],"line":4},"7":{"loc":{"start":{"line":4,"column":86},"end":{"line":4,"column":143}},"type":"cond-expr","locations":[{"start":{"line":4,"column":94},"end":{"line":4,"column":98}},{"start":{"line":4,"column":101},"end":{"line":4,"column":143}}],"line":4},"8":{"loc":{"start":{"line":4,"column":101},"end":{"line":4,"column":143}},"type":"cond-expr","locations":[{"start":{"line":4,"column":109},"end":{"line":4,"column":126}},{"start":{"line":4,"column":129},"end":{"line":4,"column":143}}],"line":4},"9":{"loc":{"start":{"line":5,"column":11},"end":{"line":5,"column":62}},"type":"binary-expr","locations":[{"start":{"line":5,"column":11},"end":{"line":5,"column":16}},{"start":{"line":5,"column":20},"end":{"line":5,"column":21}},{"start":{"line":5,"column":25},"end":{"line":5,"column":62}}],"line":5},"10":{"loc":{"start":{"line":7,"column":17},"end":{"line":9,"column":1}},"type":"binary-expr","locations":[{"start":{"line":7,"column":18},"end":{"line":7,"column":22}},{"start":{"line":7,"column":26},"end":{"line":7,"column":41}},{"start":{"line":7,"column":46},"end":{"line":9,"column":1}}],"line":7},"11":{"loc":{"start":{"line":8,"column":4},"end":{"line":8,"column":109}},"type":"if","locations":[{"start":{"line":8,"column":4},"end":{"line":8,"column":109}},{"start":{"line":8,"column":4},"end":{"line":8,"column":109}}],"line":8},"12":{"loc":{"start":{"line":8,"column":8},"end":{"line":8,"column":77}},"type":"binary-expr","locations":[{"start":{"line":8,"column":8},"end":{"line":8,"column":35}},{"start":{"line":8,"column":39},"end":{"line":8,"column":77}}],"line":8},"13":{"loc":{"start":{"line":10,"column":14},"end":{"line":12,"column":1}},"type":"binary-expr","locations":[{"start":{"line":10,"column":15},"end":{"line":10,"column":19}},{"start":{"line":10,"column":23},"end":{"line":10,"column":35}},{"start":{"line":10,"column":40},"end":{"line":12,"column":1}}],"line":10},"14":{"loc":{"start":{"line":13,"column":16},"end":{"line":20,"column":1}},"type":"binary-expr","locations":[{"start":{"line":13,"column":17},"end":{"line":13,"column":21}},{"start":{"line":13,"column":25},"end":{"line":13,"column":39}},{"start":{"line":13,"column":44},"end":{"line":20,"column":1}}],"line":13},"15":{"loc":{"start":{"line":14,"column":16},"end":{"line":14,"column":34}},"type":"binary-expr","locations":[{"start":{"line":14,"column":16},"end":{"line":14,"column":17}},{"start":{"line":14,"column":22},"end":{"line":14,"column":33}}],"line":14},"16":{"loc":{"start":{"line":17,"column":32},"end":{"line":17,"column":148}},"type":"cond-expr","locations":[{"start":{"line":17,"column":46},"end":{"line":17,"column":67}},{"start":{"line":17,"column":70},"end":{"line":17,"column":148}}],"line":17},"17":{"loc":{"start":{"line":18,"column":51},"end":{"line":18,"column":67}},"type":"binary-expr","locations":[{"start":{"line":18,"column":51},"end":{"line":18,"column":61}},{"start":{"line":18,"column":65},"end":{"line":18,"column":67}}],"line":18},"18":{"loc":{"start":{"line":49,"column":16},"end":{"line":51,"column":17}},"type":"if","locations":[{"start":{"line":49,"column":16},"end":{"line":51,"column":17}},{"start":{"line":49,"column":16},"end":{"line":51,"column":17}}],"line":49},"19":{"loc":{"start":{"line":62,"column":16},"end":{"line":64,"column":17}},"type":"if","locations":[{"start":{"line":62,"column":16},"end":{"line":64,"column":17}},{"start":{"line":62,"column":16},"end":{"line":64,"column":17}}],"line":62},"20":{"loc":{"start":{"line":91,"column":45},"end":{"line":91,"column":143}},"type":"binary-expr","locations":[{"start":{"line":91,"column":45},"end":{"line":91,"column":127}},{"start":{"line":91,"column":131},"end":{"line":91,"column":133}},{"start":{"line":91,"column":137},"end":{"line":91,"column":143}}],"line":91},"21":{"loc":{"start":{"line":91,"column":58},"end":{"line":91,"column":111}},"type":"binary-expr","locations":[{"start":{"line":91,"column":58},"end":{"line":91,"column":94}},{"start":{"line":91,"column":98},"end":{"line":91,"column":111}}],"line":91},"22":{"loc":{"start":{"line":130,"column":45},"end":{"line":130,"column":143}},"type":"binary-expr","locations":[{"start":{"line":130,"column":45},"end":{"line":130,"column":127}},{"start":{"line":130,"column":131},"end":{"line":130,"column":133}},{"start":{"line":130,"column":137},"end":{"line":130,"column":143}}],"line":130},"23":{"loc":{"start":{"line":130,"column":58},"end":{"line":130,"column":111}},"type":"binary-expr","locations":[{"start":{"line":130,"column":58},"end":{"line":130,"column":94}},{"start":{"line":130,"column":98},"end":{"line":130,"column":111}}],"line":130},"24":{"loc":{"start":{"line":136,"column":37},"end":{"line":136,"column":131}},"type":"binary-expr","locations":[{"start":{"line":136,"column":37},"end":{"line":136,"column":115}},{"start":{"line":136,"column":119},"end":{"line":136,"column":121}},{"start":{"line":136,"column":125},"end":{"line":136,"column":131}}],"line":136},"25":{"loc":{"start":{"line":136,"column":50},"end":{"line":136,"column":99}},"type":"binary-expr","locations":[{"start":{"line":136,"column":50},"end":{"line":136,"column":84}},{"start":{"line":136,"column":88},"end":{"line":136,"column":99}}],"line":136}},"s":{"0":1,"1":6,"2":6,"3":6,"4":6,"5":0,"6":0,"7":0,"8":6,"9":1,"10":16,"11":16,"12":1,"13":10,"14":10,"15":1,"16":0,"17":0,"18":0,"19":0,"20":0,"21":0,"22":0,"23":0,"24":0,"25":0,"26":1,"27":4,"28":0,"29":0,"30":0,"31":0,"32":0,"33":0,"34":0,"35":0,"36":0,"37":0,"38":0,"39":0,"40":0,"41":0,"42":0,"43":0,"44":0,"45":0,"46":0,"47":0,"48":0,"49":0,"50":0,"51":0,"52":0,"53":0,"54":0,"55":0,"56":0,"57":1,"58":1,"59":1,"60":1,"61":1,"62":1},"f":{"0":6,"1":16,"2":10,"3":10,"4":0,"5":0,"6":0,"7":0,"8":0,"9":0,"10":4,"11":0,"12":0,"13":0,"14":0,"15":0,"16":0,"17":0,"18":0,"19":0,"20":0,"21":0,"22":0,"23":0,"24":0,"25":0,"26":0,"27":0,"28":0},"b":{"0":[1,0,1],"1":[1,5],"2":[5,0],"3":[6,0],"4":[6,6],"5":[0,0],"6":[0,0],"7":[0,0],"8":[0,0],"9":[6,5,5],"10":[1,0,1],"11":[16,0],"12":[16,16],"13":[1,0,1],"14":[1,0,1],"15":[0,0],"16":[0,0],"17":[0,0],"18":[0,0],"19":[0,0],"20":[1,1,0],"21":[1,1],"22":[1,1,0],"23":[1,1],"24":[1,1,0],"25":[1,1]},"inputSourceMap":{"version":3,"file":"usercontroller.js","sourceRoot":"","sources":["usercontroller.ts"],"names":[],"mappings":";;;;;;;;;;;;;;;;;;;;;AAAA,OAAO,EACH,UAAU,EAAE,GAAG,EAAE,QAAQ,EAAE,UAAU,EAAE,KAAK,EAAE,IAAI,EAAE,IAAI,EACxC,MAAM,EAAE,GAAG,EAC9B,MAAM,gBAAgB,CAAC;AACxB,OAAO,EAAE,WAAW,EAAE,MAAM,eAAe,CAAC;AAG5C,OAAO,EAAE,aAAa,EAAE,MAAM,gBAAgB,CAAC;AAE/C,OAAO,EAAE,WAAW,EAAE,UAAU,EAAE,MAAM,iBAAiB,CAAC;AAM1D,IAAa,cAAc,GAA3B;IAEI,YAA6B,WAAwB;QAAxB,gBAAW,GAAX,WAAW,CAAa;IAAI,CAAC;IAQ7C,UAAU,CAAa,GAAG,EAAU,cAA6B;;YAE1E,OAAO,CAAC,GAAG,CAAC,uBAAuB,EAAE,cAAc,CAAC,CAAC;YACrD,IAAI,GAAG,GAAG,MAAM,IAAI,CAAC,WAAW,CAAC,UAAU,CAAC,cAAc,CAAC,CAAC;YAE5D,OAAO,GAAG,CAAC,MAAM,CAAC,UAAU,CAAC,EAAE,CAAC,CAAC,IAAI,CAAC,GAAG,CAAC,CAAC;QAC/C,CAAC;KAAA;IAKY,YAAY,CAAa,GAAG;;YAErC,MAAM,IAAI,CAAC,WAAW,CAAC,OAAO,EAAE,CAAC,IAAI,CAEjC,IAAI,CAAC,EAAE;gBACF,GAAG,CAAC,MAAM,CAAC,UAAU,CAAC,EAAE,CAAC,CAAC,IAAI,CAAC,IAAI,CAAC,CAAC;YAC1C,CAAC,EACD,KAAK,CAAC,EAAE;gBACJ,GAAG,CAAC,MAAM,CAAC,UAAU,CAAC,SAAS,CAAC,CAAC,IAAI,CAAC,KAAK,CAAC,CAAC;YACjD,CAAC,CACJ,CAAA;QAEL,CAAC;KAAA;IAMY,WAAW,CAAc,EAAU,EAAc,GAAG;;YAE7D,MAAM,IAAI,CAAC,WAAW,CAAC,UAAU,CAAC,EAAE,CAAC,CAAC,IAAI,CAAC,IAAI,CAAC,EAAE;gBAE9C,IAAI,IAAI,KAAK,IAAI,EAAE;oBACf,OAAO,GAAG,CAAC,MAAM,CAAC,UAAU,CAAC,SAAS,CAAC,CAAC,IAAI,CAAC,IAAI,CAAC,CAAC;iBACtD;gBAED,OAAO,GAAG,CAAC,MAAM,CAAC,UAAU,CAAC,EAAE,CAAC,CAAC,IAAI,CAAC,IAAI,CAAC,CAAC;YAEhD,CAAC,CAAC,CAAC,KAAK,CAAC,KAAK,CAAC,EAAE;gBACb,OAAO,GAAG,CAAC,MAAM,CAAC,UAAU,CAAC,SAAS,CAAC,CAAC,IAAI,CAAC,KAAK,CAAC,CAAC;YACxD,CAAC,CACA,CAAC;QAEN,CAAC;KAAA;IAMY,aAAa,CAAc,EAAU,EAAc,GAAG;;YAE/D,OAAO,CAAC,GAAG,CAAC,EAAE,CAAC,CAAC;YAChB,MAAM,IAAI,CAAC,WAAW,CAAC,aAAa,CAAC,EAAE,CAAC,CAAC,IAAI,CAAC,IAAI,CAAC,EAAE;gBAEjD,IAAI,IAAI,KAAK,IAAI,EAAE;oBACf,OAAO,GAAG,CAAC,MAAM,CAAC,UAAU,CAAC,SAAS,CAAC,CAAC,IAAI,CAAC,IAAI,CAAC,CAAC;iBACtD;gBAED,OAAO,GAAG,CAAC,MAAM,CAAC,UAAU,CAAC,EAAE,CAAC,CAAC,IAAI,CAAC,IAAI,CAAC,CAAC;YAEhD,CAAC,CAAC,CAAC,KAAK,CAAC,KAAK,CAAC,EAAE;gBAEb,OAAO,CAAC,GAAG,CAAC,KAAK,CAAC,CAAC;gBACnB,OAAO,GAAG,CAAC,MAAM,CAAC,UAAU,CAAC,SAAS,CAAC,CAAC,IAAI,CAAC,KAAK,CAAC,CAAC;YACxD,CAAC,CACA,CAAC;QACN,CAAC;KAAA;IAQY,aAAa,CAAc,EAAU,EAAU,YAA2B,EAAc,GAAG;;YAEpG,OAAO,CAAC,GAAG,CAAC,QAAQ,EAAE,EAAE,CAAC,CAAC;YAC1B,OAAO,CAAC,GAAG,CAAC,oBAAoB,EAAE,YAAY,CAAC,CAAC;YAGhD,MAAM,IAAI,CAAC,WAAW,CAAC,UAAU,CAAC,EAAE,EAAE,YAAY,CAAC,CAAC,IAAI,CAAC,CAAC,IAAI,EAAE,EAAE;gBAE9D,OAAO,CAAC,GAAG,CAAC,SAAS,EAAE,IAAI,CAAC,CAAC;gBAC7B,OAAO,GAAG,CAAC,MAAM,CAAC,UAAU,CAAC,EAAE,CAAC,CAAC,IAAI,CAAC,IAAI,CAAC,CAAC;YAChD,CAAC,CAAC,CAAC,KAAK,CAAC,CAAC,KAAK,EAAE,EAAE;gBAEf,OAAO,GAAG,CAAC,MAAM,CAAC,UAAU,CAAC,SAAS,CAAC,CAAC,IAAI,CAAC,KAAK,CAAC,CAAC;YACxD,CAAC,CAAC,CAAC;QAEP,CAAC;KAAA;CAKJ,CAAA;AA/FG;IAHC,IAAI,EAAE;IACN,WAAW,CAAC,EAAE,MAAM,EAAE,GAAG,EAAE,WAAW,EAAE,yCAAyC,EAAC,CAAC;IACnF,WAAW,CAAC,EAAE,MAAM,EAAE,GAAG,EAAE,WAAW,EAAE,YAAY,EAAC,CAAC;IAC9B,WAAA,QAAQ,EAAE,CAAA,EAAO,WAAA,IAAI,EAAE,CAAA;;iEAAiB,aAAa,oBAAb,aAAa;;gDAM7E;AAKD;IAHC,GAAG,EAAE;IACL,WAAW,CAAC,EAAE,MAAM,EAAE,GAAG,EAAE,WAAW,EAAE,wCAAwC,EAAC,CAAC;IAClF,WAAW,CAAC,EAAE,MAAM,EAAE,GAAG,EAAE,WAAW,EAAE,kBAAkB,EAAC,CAAC;IAClC,WAAA,QAAQ,EAAE,CAAA;;;;kDAYpC;AAMD;IAJC,GAAG,CAAC,KAAK,CAAC;IACV,WAAW,CAAC,EAAE,MAAM,EAAE,GAAG,EAAE,WAAW,EAAE,sCAAsC,EAAC,CAAC;IAChF,WAAW,CAAC,EAAE,MAAM,EAAE,GAAG,EAAE,WAAW,EAAE,YAAY,EAAC,CAAC;IACtD,WAAW,CAAC,EAAE,MAAM,EAAE,GAAG,EAAE,WAAW,EAAE,iBAAiB,EAAC,CAAC;IAClC,WAAA,KAAK,CAAC,IAAI,CAAC,CAAA,EAAc,WAAA,QAAQ,EAAE,CAAA;;;;iDAe5D;AAMD;IAJC,MAAM,CAAC,KAAK,CAAC;IACb,WAAW,CAAC,EAAE,MAAM,EAAE,GAAG,EAAE,WAAW,EAAE,wCAAwC,EAAC,CAAC;IAClF,WAAW,CAAC,EAAE,MAAM,EAAE,GAAG,EAAE,WAAW,EAAE,YAAY,EAAC,CAAC;IACtD,WAAW,CAAC,EAAE,MAAM,EAAE,GAAG,EAAE,WAAW,EAAE,kBAAkB,EAAC,CAAC;IACjC,WAAA,KAAK,CAAC,IAAI,CAAC,CAAA,EAAc,WAAA,QAAQ,EAAE,CAAA;;;;mDAiB9D;AAQD;IAJC,GAAG,CAAC,KAAK,CAAC;IACV,WAAW,CAAC,EAAE,MAAM,EAAE,GAAG,EAAE,WAAW,EAAE,yCAAyC,EAAC,CAAC;IACnF,WAAW,CAAC,EAAE,MAAM,EAAE,GAAG,EAAE,WAAW,EAAE,YAAY,EAAC,CAAC;IACtD,WAAW,CAAC,EAAE,MAAM,EAAE,GAAG,EAAE,WAAW,EAAE,kBAAkB,EAAC,CAAC;IACjC,WAAA,KAAK,CAAC,IAAI,CAAC,CAAA,EAAc,WAAA,IAAI,EAAE,CAAA,EAA+B,WAAA,QAAQ,EAAE,CAAA;;iEAA1B,aAAa,oBAAb,aAAa;;mDAetF;AApGQ,cAAc;IAF1B,UAAU,CAAC,MAAM,CAAC;IAClB,UAAU,CAAC,MAAM,CAAC;yDAG2B,WAAW,oBAAX,WAAW;GAF5C,cAAc,CAyG1B;SAzGY,cAAc","sourcesContent":["import {\n    Controller, Get, Response, HttpStatus, Param, Body, Post,\n    Request, Patch, Delete, Put\n} from '@nestjs/common';\nimport { Userservice } from './userservice';\nimport { userserviceI} from './interfaces/userserviceI';\nimport { userI } from './interfaces/userinterface';\nimport { CreateUserDto } from './dto/user.dto';\n\nimport { ApiResponse, ApiUseTags } from '@nestjs/swagger';\n\n\n\n@Controller('user')\n@ApiUseTags('user')\nexport class Usercontroller {\n        \n    constructor(private readonly userService: Userservice) { }\n    \n\n    \n    \n    @Post()\n    @ApiResponse({ status: 201, description: 'The user has been successfully created.'})\n    @ApiResponse({ status: 403, description: 'Forbidden.'})\n    public async createUser(@Response() res, @Body() createUserBody: CreateUserDto) {\n\n        console.log(\"aqui se crea el user \", createUserBody);\n        let obj = await this.userService.createUser(createUserBody);\n\n        return res.status(HttpStatus.OK).json(obj);\n    }\n     \n    @Get()\n    @ApiResponse({ status: 200, description: 'Everything is correct to show all user'})\n    @ApiResponse({ status: 404, description: 'Users not found.'})\n    public async findAllUsers(@Response() res) {\n\n        await this.userService.findAll().then(\n\n            data => {\n                 res.status(HttpStatus.OK).json(data);\n            },\n            error => {\n                res.status(HttpStatus.NOT_FOUND).json(error);\n            }\n        )\n\n    }\n    \n    @Get(':id')\n    @ApiResponse({ status: 200, description: 'Everything is correct to show a user'})\n    @ApiResponse({ status: 403, description: 'Forbidden.'})\n    @ApiResponse({ status: 404, description: 'User not found.'})\n    public async findOneUser(@Param('id') id: string, @Response() res) {\n\n        await this.userService.getOneUser(id).then(data => {\n\n            if (data === null) {\n                return res.status(HttpStatus.NOT_FOUND).json(data);\n            }\n\n            return res.status(HttpStatus.OK).json(data);\n\n        }).catch(error => {\n            return res.status(HttpStatus.FORBIDDEN).json(error);\n        }\n        );\n\n    }\n    \n    @Delete(':id')\n    @ApiResponse({ status: 201, description: 'The user has been deleted succesfully.'})\n    @ApiResponse({ status: 403, description: 'Forbidden.'})\n    @ApiResponse({ status: 404, description: 'Notes not found.'})\n    public async removeOneUser(@Param('id') id: string, @Response() res) {\n      \n        console.log(id);\n        await this.userService.deleteOneUser(id).then(data => {\n\n            if (data === null) {\n                return res.status(HttpStatus.NOT_FOUND).json(data);\n            }\n\n            return res.status(HttpStatus.OK).json(data);\n\n        }).catch(error => {\n\n            console.log(error);\n            return res.status(HttpStatus.FORBIDDEN).json(error);\n        }\n        );\n    }\n\n\n\n    @Put(':id')\n    @ApiResponse({ status: 201, description: 'The user has been successfully updated.'})\n    @ApiResponse({ status: 403, description: 'Forbidden.'})\n    @ApiResponse({ status: 404, description: 'Notes not found.'})\n    public async updateOneUser(@Param('id') id: string, @Body() userToUpdate: CreateUserDto, @Response() res) {\n\n        console.log(\"El id \", id);\n        console.log(\"Nota a actualizar \", userToUpdate);\n\n\n        await this.userService.updateUser(id, userToUpdate).then((data) => {\n\n            console.log(\"la data\", data);\n            return res.status(HttpStatus.OK).json(data);\n        }).catch((error) => {\n\n            return res.status(HttpStatus.FORBIDDEN).json(error);\n        });\n\n    }\n\n\n\n\n}\n"]},"_coverageSchema":"332fd63041d2c1bcb487cc26dd0d5f7d97098a6c","hash":"fbbfdf07bc1095089043234f2cbfc9b3f366750b"}
,"C:\\Users\\ASUS\\Desktop\\Nest Js Documentation\\prueba\\src\\user\\userservice.ts": {"path":"C:\\Users\\ASUS\\Desktop\\Nest Js Documentation\\prueba\\src\\user\\userservice.ts","statementMap":{"0":{"start":{"line":1,"column":17},"end":{"line":6,"column":1}},"1":{"start":{"line":2,"column":12},"end":{"line":2,"column":28}},"2":{"start":{"line":2,"column":34},"end":{"line":2,"column":125}},"3":{"start":{"line":3,"column":4},"end":{"line":4,"column":150}},"4":{"start":{"line":3,"column":79},"end":{"line":3,"column":131}},"5":{"start":{"line":4,"column":9},"end":{"line":4,"column":150}},"6":{"start":{"line":4,"column":58},"end":{"line":4,"column":150}},"7":{"start":{"line":4,"column":81},"end":{"line":4,"column":150}},"8":{"start":{"line":5,"column":4},"end":{"line":5,"column":66}},"9":{"start":{"line":7,"column":17},"end":{"line":9,"column":1}},"10":{"start":{"line":8,"column":4},"end":{"line":8,"column":109}},"11":{"start":{"line":8,"column":79},"end":{"line":8,"column":109}},"12":{"start":{"line":10,"column":14},"end":{"line":12,"column":1}},"13":{"start":{"line":11,"column":4},"end":{"line":11,"column":73}},"14":{"start":{"line":11,"column":36},"end":{"line":11,"column":71}},"15":{"start":{"line":13,"column":16},"end":{"line":20,"column":1}},"16":{"start":{"line":14,"column":4},"end":{"line":19,"column":7}},"17":{"start":{"line":15,"column":36},"end":{"line":15,"column":97}},"18":{"start":{"line":15,"column":42},"end":{"line":15,"column":70}},"19":{"start":{"line":15,"column":85},"end":{"line":15,"column":95}},"20":{"start":{"line":16,"column":35},"end":{"line":16,"column":100}},"21":{"start":{"line":16,"column":41},"end":{"line":16,"column":73}},"22":{"start":{"line":16,"column":88},"end":{"line":16,"column":98}},"23":{"start":{"line":17,"column":32},"end":{"line":17,"column":149}},"24":{"start":{"line":17,"column":97},"end":{"line":17,"column":119}},"25":{"start":{"line":18,"column":8},"end":{"line":18,"column":78}},"26":{"start":{"line":25,"column":18},"end":{"line":62,"column":1}},"27":{"start":{"line":27,"column":8},"end":{"line":27,"column":35}},"28":{"start":{"line":30,"column":8},"end":{"line":33,"column":11}},"29":{"start":{"line":31,"column":35},"end":{"line":31,"column":63}},"30":{"start":{"line":32,"column":12},"end":{"line":32,"column":47}},"31":{"start":{"line":36,"column":8},"end":{"line":38,"column":11}},"32":{"start":{"line":37,"column":12},"end":{"line":37,"column":54}},"33":{"start":{"line":41,"column":8},"end":{"line":43,"column":11}},"34":{"start":{"line":42,"column":12},"end":{"line":42,"column":64}},"35":{"start":{"line":46,"column":8},"end":{"line":49,"column":11}},"36":{"start":{"line":47,"column":12},"end":{"line":47,"column":52}},"37":{"start":{"line":48,"column":12},"end":{"line":48,"column":73}},"38":{"start":{"line":52,"column":8},"end":{"line":60,"column":11}},"39":{"start":{"line":53,"column":23},"end":{"line":53,"column":67}},"40":{"start":{"line":54,"column":12},"end":{"line":59,"column":13}},"41":{"start":{"line":55,"column":16},"end":{"line":55,"column":78}},"42":{"start":{"line":58,"column":16},"end":{"line":58,"column":90}},"43":{"start":{"line":63,"column":0},"end":{"line":67,"column":16}}},"fnMap":{"0":{"name":"(anonymous_0)","decl":{"start":{"line":1,"column":46},"end":{"line":1,"column":47}},"loc":{"start":{"line":1,"column":87},"end":{"line":6,"column":1}},"line":1},"1":{"name":"(anonymous_1)","decl":{"start":{"line":7,"column":46},"end":{"line":7,"column":47}},"loc":{"start":{"line":7,"column":62},"end":{"line":9,"column":1}},"line":7},"2":{"name":"(anonymous_2)","decl":{"start":{"line":10,"column":40},"end":{"line":10,"column":41}},"loc":{"start":{"line":10,"column":73},"end":{"line":12,"column":1}},"line":10},"3":{"name":"(anonymous_3)","decl":{"start":{"line":11,"column":11},"end":{"line":11,"column":12}},"loc":{"start":{"line":11,"column":34},"end":{"line":11,"column":73}},"line":11},"4":{"name":"(anonymous_4)","decl":{"start":{"line":13,"column":44},"end":{"line":13,"column":45}},"loc":{"start":{"line":13,"column":89},"end":{"line":20,"column":1}},"line":13},"5":{"name":"(anonymous_5)","decl":{"start":{"line":14,"column":36},"end":{"line":14,"column":37}},"loc":{"start":{"line":14,"column":63},"end":{"line":19,"column":5}},"line":14},"6":{"name":"fulfilled","decl":{"start":{"line":15,"column":17},"end":{"line":15,"column":26}},"loc":{"start":{"line":15,"column":34},"end":{"line":15,"column":99}},"line":15},"7":{"name":"rejected","decl":{"start":{"line":16,"column":17},"end":{"line":16,"column":25}},"loc":{"start":{"line":16,"column":33},"end":{"line":16,"column":102}},"line":16},"8":{"name":"step","decl":{"start":{"line":17,"column":17},"end":{"line":17,"column":21}},"loc":{"start":{"line":17,"column":30},"end":{"line":17,"column":151}},"line":17},"9":{"name":"(anonymous_9)","decl":{"start":{"line":17,"column":76},"end":{"line":17,"column":77}},"loc":{"start":{"line":17,"column":95},"end":{"line":17,"column":121}},"line":17},"10":{"name":"(anonymous_10)","decl":{"start":{"line":26,"column":4},"end":{"line":26,"column":5}},"loc":{"start":{"line":26,"column":27},"end":{"line":28,"column":5}},"line":26},"11":{"name":"(anonymous_11)","decl":{"start":{"line":29,"column":4},"end":{"line":29,"column":5}},"loc":{"start":{"line":29,"column":25},"end":{"line":34,"column":5}},"line":29},"12":{"name":"(anonymous_12)","decl":{"start":{"line":30,"column":47},"end":{"line":30,"column":48}},"loc":{"start":{"line":30,"column":60},"end":{"line":33,"column":9}},"line":30},"13":{"name":"(anonymous_13)","decl":{"start":{"line":35,"column":4},"end":{"line":35,"column":5}},"loc":{"start":{"line":35,"column":14},"end":{"line":39,"column":5}},"line":35},"14":{"name":"(anonymous_14)","decl":{"start":{"line":36,"column":47},"end":{"line":36,"column":48}},"loc":{"start":{"line":36,"column":60},"end":{"line":38,"column":9}},"line":36},"15":{"name":"(anonymous_15)","decl":{"start":{"line":40,"column":4},"end":{"line":40,"column":5}},"loc":{"start":{"line":40,"column":23},"end":{"line":44,"column":5}},"line":40},"16":{"name":"(anonymous_16)","decl":{"start":{"line":41,"column":47},"end":{"line":41,"column":48}},"loc":{"start":{"line":41,"column":60},"end":{"line":43,"column":9}},"line":41},"17":{"name":"(anonymous_17)","decl":{"start":{"line":45,"column":4},"end":{"line":45,"column":5}},"loc":{"start":{"line":45,"column":26},"end":{"line":50,"column":5}},"line":45},"18":{"name":"(anonymous_18)","decl":{"start":{"line":46,"column":47},"end":{"line":46,"column":48}},"loc":{"start":{"line":46,"column":60},"end":{"line":49,"column":9}},"line":46},"19":{"name":"(anonymous_19)","decl":{"start":{"line":51,"column":4},"end":{"line":51,"column":5}},"loc":{"start":{"line":51,"column":36},"end":{"line":61,"column":5}},"line":51},"20":{"name":"(anonymous_20)","decl":{"start":{"line":52,"column":47},"end":{"line":52,"column":48}},"loc":{"start":{"line":52,"column":60},"end":{"line":60,"column":9}},"line":52}},"branchMap":{"0":{"loc":{"start":{"line":1,"column":17},"end":{"line":6,"column":1}},"type":"binary-expr","locations":[{"start":{"line":1,"column":18},"end":{"line":1,"column":22}},{"start":{"line":1,"column":26},"end":{"line":1,"column":41}},{"start":{"line":1,"column":46},"end":{"line":6,"column":1}}],"line":1},"1":{"loc":{"start":{"line":2,"column":34},"end":{"line":2,"column":125}},"type":"cond-expr","locations":[{"start":{"line":2,"column":42},"end":{"line":2,"column":48}},{"start":{"line":2,"column":51},"end":{"line":2,"column":125}}],"line":2},"2":{"loc":{"start":{"line":2,"column":51},"end":{"line":2,"column":125}},"type":"cond-expr","locations":[{"start":{"line":2,"column":67},"end":{"line":2,"column":118}},{"start":{"line":2,"column":121},"end":{"line":2,"column":125}}],"line":2},"3":{"loc":{"start":{"line":3,"column":4},"end":{"line":4,"column":150}},"type":"if","locations":[{"start":{"line":3,"column":4},"end":{"line":4,"column":150}},{"start":{"line":3,"column":4},"end":{"line":4,"column":150}}],"line":3},"4":{"loc":{"start":{"line":3,"column":8},"end":{"line":3,"column":77}},"type":"binary-expr","locations":[{"start":{"line":3,"column":8},"end":{"line":3,"column":35}},{"start":{"line":3,"column":39},"end":{"line":3,"column":77}}],"line":3},"5":{"loc":{"start":{"line":4,"column":58},"end":{"line":4,"column":150}},"type":"if","locations":[{"start":{"line":4,"column":58},"end":{"line":4,"column":150}},{"start":{"line":4,"column":58},"end":{"line":4,"column":150}}],"line":4},"6":{"loc":{"start":{"line":4,"column":85},"end":{"line":4,"column":149}},"type":"binary-expr","locations":[{"start":{"line":4,"column":86},"end":{"line":4,"column":143}},{"start":{"line":4,"column":148},"end":{"line":4,"column":149}}],"line":4},"7":{"loc":{"start":{"line":4,"column":86},"end":{"line":4,"column":143}},"type":"cond-expr","locations":[{"start":{"line":4,"column":94},"end":{"line":4,"column":98}},{"start":{"line":4,"column":101},"end":{"line":4,"column":143}}],"line":4},"8":{"loc":{"start":{"line":4,"column":101},"end":{"line":4,"column":143}},"type":"cond-expr","locations":[{"start":{"line":4,"column":109},"end":{"line":4,"column":126}},{"start":{"line":4,"column":129},"end":{"line":4,"column":143}}],"line":4},"9":{"loc":{"start":{"line":5,"column":11},"end":{"line":5,"column":62}},"type":"binary-expr","locations":[{"start":{"line":5,"column":11},"end":{"line":5,"column":16}},{"start":{"line":5,"column":20},"end":{"line":5,"column":21}},{"start":{"line":5,"column":25},"end":{"line":5,"column":62}}],"line":5},"10":{"loc":{"start":{"line":7,"column":17},"end":{"line":9,"column":1}},"type":"binary-expr","locations":[{"start":{"line":7,"column":18},"end":{"line":7,"column":22}},{"start":{"line":7,"column":26},"end":{"line":7,"column":41}},{"start":{"line":7,"column":46},"end":{"line":9,"column":1}}],"line":7},"11":{"loc":{"start":{"line":8,"column":4},"end":{"line":8,"column":109}},"type":"if","locations":[{"start":{"line":8,"column":4},"end":{"line":8,"column":109}},{"start":{"line":8,"column":4},"end":{"line":8,"column":109}}],"line":8},"12":{"loc":{"start":{"line":8,"column":8},"end":{"line":8,"column":77}},"type":"binary-expr","locations":[{"start":{"line":8,"column":8},"end":{"line":8,"column":35}},{"start":{"line":8,"column":39},"end":{"line":8,"column":77}}],"line":8},"13":{"loc":{"start":{"line":10,"column":14},"end":{"line":12,"column":1}},"type":"binary-expr","locations":[{"start":{"line":10,"column":15},"end":{"line":10,"column":19}},{"start":{"line":10,"column":23},"end":{"line":10,"column":35}},{"start":{"line":10,"column":40},"end":{"line":12,"column":1}}],"line":10},"14":{"loc":{"start":{"line":13,"column":16},"end":{"line":20,"column":1}},"type":"binary-expr","locations":[{"start":{"line":13,"column":17},"end":{"line":13,"column":21}},{"start":{"line":13,"column":25},"end":{"line":13,"column":39}},{"start":{"line":13,"column":44},"end":{"line":20,"column":1}}],"line":13},"15":{"loc":{"start":{"line":14,"column":16},"end":{"line":14,"column":34}},"type":"binary-expr","locations":[{"start":{"line":14,"column":16},"end":{"line":14,"column":17}},{"start":{"line":14,"column":22},"end":{"line":14,"column":33}}],"line":14},"16":{"loc":{"start":{"line":17,"column":32},"end":{"line":17,"column":148}},"type":"cond-expr","locations":[{"start":{"line":17,"column":46},"end":{"line":17,"column":67}},{"start":{"line":17,"column":70},"end":{"line":17,"column":148}}],"line":17},"17":{"loc":{"start":{"line":18,"column":51},"end":{"line":18,"column":67}},"type":"binary-expr","locations":[{"start":{"line":18,"column":51},"end":{"line":18,"column":61}},{"start":{"line":18,"column":65},"end":{"line":18,"column":67}}],"line":18},"18":{"loc":{"start":{"line":54,"column":12},"end":{"line":59,"column":13}},"type":"if","locations":[{"start":{"line":54,"column":12},"end":{"line":59,"column":13}},{"start":{"line":54,"column":12},"end":{"line":59,"column":13}}],"line":54},"19":{"loc":{"start":{"line":66,"column":37},"end":{"line":66,"column":119}},"type":"binary-expr","locations":[{"start":{"line":66,"column":37},"end":{"line":66,"column":103}},{"start":{"line":66,"column":107},"end":{"line":66,"column":109}},{"start":{"line":66,"column":113},"end":{"line":66,"column":119}}],"line":66},"20":{"loc":{"start":{"line":66,"column":50},"end":{"line":66,"column":87}},"type":"binary-expr","locations":[{"start":{"line":66,"column":50},"end":{"line":66,"column":78}},{"start":{"line":66,"column":82},"end":{"line":66,"column":87}}],"line":66}},"s":{"0":1,"1":1,"2":1,"3":1,"4":1,"5":0,"6":0,"7":0,"8":1,"9":1,"10":1,"11":1,"12":1,"13":1,"14":1,"15":1,"16":0,"17":0,"18":0,"19":0,"20":0,"21":0,"22":0,"23":0,"24":0,"25":0,"26":1,"27":4,"28":0,"29":0,"30":0,"31":0,"32":0,"33":0,"34":0,"35":0,"36":0,"37":0,"38":0,"39":0,"40":0,"41":0,"42":0,"43":1},"f":{"0":1,"1":1,"2":1,"3":1,"4":0,"5":0,"6":0,"7":0,"8":0,"9":0,"10":4,"11":0,"12":0,"13":0,"14":0,"15":0,"16":0,"17":0,"18":0,"19":0,"20":0},"b":{"0":[1,0,1],"1":[1,0],"2":[0,0],"3":[1,0],"4":[1,1],"5":[0,0],"6":[0,0],"7":[0,0],"8":[0,0],"9":[1,0,0],"10":[1,0,1],"11":[1,0],"12":[1,1],"13":[1,0,1],"14":[1,0,1],"15":[0,0],"16":[0,0],"17":[0,0],"18":[0,0],"19":[1,1,0],"20":[1,1]},"inputSourceMap":{"version":3,"file":"userservice.js","sourceRoot":"","sources":["userservice.ts"],"names":[],"mappings":";;;;;;;;;;;;;;;;;;;;;AAAA,OAAO,EAAE,UAAU,EAAE,MAAM,gBAAgB,CAAC;AAC5C,OAAO,EAAE,WAAW,EAAE,MAAM,kBAAkB,CAAC;AAC/C,OAAO,EAAE,KAAK,EAAE,MAAM,UAAU,CAAC;AAMjC,IAAa,WAAW,GAAxB;IAGI,YAAkD,SAAuB;QAAvB,cAAS,GAAT,SAAS,CAAc;IACzE,CAAC;IAEK,UAAU,CAAC,QAAuB;;YAEpC,MAAM,cAAc,GAAG,IAAI,IAAI,CAAC,SAAS,CAAC,QAAQ,CAAC,CAAC;YACpD,OAAO,MAAM,cAAc,CAAC,IAAI,EAAE,CAAC;QACvC,CAAC;KAAA;IAEK,OAAO;;YACT,OAAO,MAAM,IAAI,CAAC,SAAS,CAAC,IAAI,EAAE,CAAC,IAAI,EAAE,CAAC;QAC9C,CAAC;KAAA;IAEK,UAAU,CAAC,MAAc;;YAC3B,OAAO,MAAM,IAAI,CAAC,SAAS,CAAC,QAAQ,CAAC,MAAM,CAAC,CAAC,IAAI,EAAE,CAAC;QACxD,CAAC;KAAA;IAEK,aAAa,CAAC,MAAc;;YAE9B,OAAO,CAAC,GAAG,CAAC,kBAAkB,EAAE,MAAM,CAAC,CAAC;YAExC,OAAO,MAAM,IAAI,CAAC,SAAS,CAAC,iBAAiB,CAAC,MAAM,CAAC,CAAC,IAAI,EAAE,CAAC;QACjE,CAAC;KAAA;IAGK,UAAU,CAAC,MAAc,EAAE,WAA2B;;YAExD,IAAI,IAAI,GAAG,MAAM,IAAI,CAAC,SAAS,CAAC,QAAQ,CAAC,MAAM,CAAC,CAAC,IAAI,EAAE,CAAC;YAExD,IAAG,CAAC,IAAI,EAAC;gBACL,MAAM,IAAI,KAAK,CAAC,gBAAgB,MAAM,sBAAsB,CAAC,CAAC;aACjE;iBACG;gBACA,OAAO,MAAM,IAAI,CAAC,SAAS,CAAC,iBAAiB,CAAC,MAAM,EAAE,WAAW,CAAC,CAAC,IAAI,EAAE,CAAC;aAC7E;QAEL,CAAC;KAAA;CACJ,CAAA;AAxCY,WAAW;IADvB,UAAU,EAAE;IAII,WAAA,WAAW,CAAC,MAAM,CAAC,CAAA;yDAA6B,KAAK,oBAAL,KAAK;GAHzD,WAAW,CAwCvB;SAxCY,WAAW","sourcesContent":["import { Injectable } from '@nestjs/common';\nimport { InjectModel } from '@nestjs/mongoose';\nimport { Model } from 'mongoose';\nimport { userI } from './interfaces/userinterface';\nimport { userserviceI } from './interfaces/userserviceI';\nimport { CreateUserDto } from './dto/user.dto';\n\n@Injectable()\nexport class Userservice implements userserviceI {\n\n\n    constructor(@InjectModel('user') private readonly userModel: Model<userI>) {\n    }\n\n    async createUser(userBody: CreateUserDto): Promise<userI> {\n        \n        const createdNoteObj = new this.userModel(userBody);\n        return await createdNoteObj.save();\n    }\n\n    async findAll(): Promise<userI[]>{\n        return await this.userModel.find().exec();\n    }\n\n    async getOneUser(idUser: string): Promise<userI> {\n        return await this.userModel.findById(idUser).exec();\n    }\n\n    async deleteOneUser(idUser: string): Promise<userI> {\n\n        console.log(\"Id a a eliminar \", idUser);\n\n        return await this.userModel.findByIdAndRemove(idUser).exec();\n    }\n\n\n    async updateUser(idUser: string, newUserBody : CreateUserDto )/*: Promise<note>*/{\n\n        let note = await this.userModel.findById(idUser).exec();\n\n        if(!note){\n            throw new Error(`User with ID ${idUser} not found in the DB`);\n        }\n        else{\n            return await this.userModel.findByIdAndUpdate(idUser, newUserBody).exec();\n        }\n        \n    } \n}\n"]},"_coverageSchema":"332fd63041d2c1bcb487cc26dd0d5f7d97098a6c","hash":"67686ea18fbd250277ac7227d47516dd620214e5"}
,"C:\\Users\\ASUS\\Desktop\\Nest Js Documentation\\prueba\\src\\user\\dto\\user.dto.ts": {"path":"C:\\Users\\ASUS\\Desktop\\Nest Js Documentation\\prueba\\src\\user\\dto\\user.dto.ts","statementMap":{"0":{"start":{"line":1,"column":17},"end":{"line":6,"column":1}},"1":{"start":{"line":2,"column":12},"end":{"line":2,"column":28}},"2":{"start":{"line":2,"column":34},"end":{"line":2,"column":125}},"3":{"start":{"line":3,"column":4},"end":{"line":4,"column":150}},"4":{"start":{"line":3,"column":79},"end":{"line":3,"column":131}},"5":{"start":{"line":4,"column":9},"end":{"line":4,"column":150}},"6":{"start":{"line":4,"column":58},"end":{"line":4,"column":150}},"7":{"start":{"line":4,"column":81},"end":{"line":4,"column":150}},"8":{"start":{"line":5,"column":4},"end":{"line":5,"column":66}},"9":{"start":{"line":7,"column":17},"end":{"line":9,"column":1}},"10":{"start":{"line":8,"column":4},"end":{"line":8,"column":109}},"11":{"start":{"line":8,"column":79},"end":{"line":8,"column":109}},"12":{"start":{"line":13,"column":0},"end":{"line":16,"column":48}},"13":{"start":{"line":17,"column":0},"end":{"line":20,"column":44}}},"fnMap":{"0":{"name":"(anonymous_0)","decl":{"start":{"line":1,"column":46},"end":{"line":1,"column":47}},"loc":{"start":{"line":1,"column":87},"end":{"line":6,"column":1}},"line":1},"1":{"name":"(anonymous_1)","decl":{"start":{"line":7,"column":46},"end":{"line":7,"column":47}},"loc":{"start":{"line":7,"column":62},"end":{"line":9,"column":1}},"line":7}},"branchMap":{"0":{"loc":{"start":{"line":1,"column":17},"end":{"line":6,"column":1}},"type":"binary-expr","locations":[{"start":{"line":1,"column":18},"end":{"line":1,"column":22}},{"start":{"line":1,"column":26},"end":{"line":1,"column":41}},{"start":{"line":1,"column":46},"end":{"line":6,"column":1}}],"line":1},"1":{"loc":{"start":{"line":2,"column":34},"end":{"line":2,"column":125}},"type":"cond-expr","locations":[{"start":{"line":2,"column":42},"end":{"line":2,"column":48}},{"start":{"line":2,"column":51},"end":{"line":2,"column":125}}],"line":2},"2":{"loc":{"start":{"line":2,"column":51},"end":{"line":2,"column":125}},"type":"cond-expr","locations":[{"start":{"line":2,"column":67},"end":{"line":2,"column":118}},{"start":{"line":2,"column":121},"end":{"line":2,"column":125}}],"line":2},"3":{"loc":{"start":{"line":3,"column":4},"end":{"line":4,"column":150}},"type":"if","locations":[{"start":{"line":3,"column":4},"end":{"line":4,"column":150}},{"start":{"line":3,"column":4},"end":{"line":4,"column":150}}],"line":3},"4":{"loc":{"start":{"line":3,"column":8},"end":{"line":3,"column":77}},"type":"binary-expr","locations":[{"start":{"line":3,"column":8},"end":{"line":3,"column":35}},{"start":{"line":3,"column":39},"end":{"line":3,"column":77}}],"line":3},"5":{"loc":{"start":{"line":4,"column":58},"end":{"line":4,"column":150}},"type":"if","locations":[{"start":{"line":4,"column":58},"end":{"line":4,"column":150}},{"start":{"line":4,"column":58},"end":{"line":4,"column":150}}],"line":4},"6":{"loc":{"start":{"line":4,"column":85},"end":{"line":4,"column":149}},"type":"binary-expr","locations":[{"start":{"line":4,"column":86},"end":{"line":4,"column":143}},{"start":{"line":4,"column":148},"end":{"line":4,"column":149}}],"line":4},"7":{"loc":{"start":{"line":4,"column":86},"end":{"line":4,"column":143}},"type":"cond-expr","locations":[{"start":{"line":4,"column":94},"end":{"line":4,"column":98}},{"start":{"line":4,"column":101},"end":{"line":4,"column":143}}],"line":4},"8":{"loc":{"start":{"line":4,"column":101},"end":{"line":4,"column":143}},"type":"cond-expr","locations":[{"start":{"line":4,"column":109},"end":{"line":4,"column":126}},{"start":{"line":4,"column":129},"end":{"line":4,"column":143}}],"line":4},"9":{"loc":{"start":{"line":5,"column":11},"end":{"line":5,"column":62}},"type":"binary-expr","locations":[{"start":{"line":5,"column":11},"end":{"line":5,"column":16}},{"start":{"line":5,"column":20},"end":{"line":5,"column":21}},{"start":{"line":5,"column":25},"end":{"line":5,"column":62}}],"line":5},"10":{"loc":{"start":{"line":7,"column":17},"end":{"line":9,"column":1}},"type":"binary-expr","locations":[{"start":{"line":7,"column":18},"end":{"line":7,"column":22}},{"start":{"line":7,"column":26},"end":{"line":7,"column":41}},{"start":{"line":7,"column":46},"end":{"line":9,"column":1}}],"line":7},"11":{"loc":{"start":{"line":8,"column":4},"end":{"line":8,"column":109}},"type":"if","locations":[{"start":{"line":8,"column":4},"end":{"line":8,"column":109}},{"start":{"line":8,"column":4},"end":{"line":8,"column":109}}],"line":8},"12":{"loc":{"start":{"line":8,"column":8},"end":{"line":8,"column":77}},"type":"binary-expr","locations":[{"start":{"line":8,"column":8},"end":{"line":8,"column":35}},{"start":{"line":8,"column":39},"end":{"line":8,"column":77}}],"line":8}},"s":{"0":1,"1":2,"2":2,"3":2,"4":2,"5":0,"6":0,"7":0,"8":2,"9":1,"10":2,"11":2,"12":1,"13":1},"f":{"0":2,"1":2},"b":{"0":[1,0,1],"1":[0,2],"2":[0,2],"3":[2,0],"4":[2,2],"5":[0,0],"6":[0,0],"7":[0,0],"8":[0,0],"9":[2,2,0],"10":[1,0,1],"11":[2,0],"12":[2,2]},"inputSourceMap":{"version":3,"file":"user.dto.js","sourceRoot":"","sources":["user.dto.ts"],"names":[],"mappings":";;;;;;;;;AAAA,OAAO,EAAE,gBAAgB,EAAE,MAAM,iBAAiB,CAAC;AAEnD,MAAM;CAOL;AALG;IADC,gBAAgB,EAAE;;+CACO;AAG1B;IADC,gBAAgB,EAAE;;2CACG","sourcesContent":["import { ApiModelProperty } from '@nestjs/swagger';\r\n\r\nexport class CreateUserDto {\r\n    @ApiModelProperty()\r\n    readonly username: string;\r\n\r\n    @ApiModelProperty()\r\n    readonly name: string;\r\n\r\n}"]},"_coverageSchema":"332fd63041d2c1bcb487cc26dd0d5f7d97098a6c","hash":"e813b5be615399b5e31a664c8313b82b551d9772"}
}
