TN:
SF:C:\Users\ASUS\Desktop\Nest Js Documentation\prueba\src\app.controller.ts
FN:1,(anonymous_0)
FN:7,(anonymous_1)
FN:14,(anonymous_2)
FN:17,(anonymous_3)
FNF:4
FNH:4
FNDA:2,(anonymous_0)
FNDA:4,(anonymous_1)
FNDA:1,(anonymous_2)
FNDA:1,(anonymous_3)
DA:1,1
DA:2,2
DA:3,2
DA:4,0
DA:5,2
DA:7,1
DA:8,4
DA:13,1
DA:15,1
DA:18,1
DA:21,1
DA:27,1
LF:12
LH:11
BRDA:1,0,0,1
BRDA:1,0,1,0
BRDA:1,0,2,1
BRDA:2,1,0,1
BRDA:2,1,1,1
BRDA:2,2,0,1
BRDA:2,2,1,0
BRDA:3,3,0,2
BRDA:3,3,1,0
BRDA:3,4,0,2
BRDA:3,4,1,2
BRDA:4,5,0,0
BRDA:4,5,1,0
BRDA:4,6,0,0
BRDA:4,6,1,0
BRDA:4,7,0,0
BRDA:4,7,1,0
BRDA:4,8,0,0
BRDA:4,8,1,0
BRDA:5,9,0,2
BRDA:5,9,1,1
BRDA:5,9,2,1
BRDA:7,10,0,1
BRDA:7,10,1,0
BRDA:7,10,2,1
BRDA:8,11,0,4
BRDA:8,11,1,0
BRDA:8,12,0,4
BRDA:8,12,1,4
BRDA:29,13,0,1
BRDA:29,13,1,1
BRDA:29,13,2,0
BRDA:29,14,0,1
BRDA:29,14,1,1
BRF:34
BRH:20
end_of_record
TN:
SF:C:\Users\ASUS\Desktop\Nest Js Documentation\prueba\src\app.service.ts
FN:1,(anonymous_0)
FN:9,(anonymous_1)
FNF:2
FNH:2
FNDA:1,(anonymous_0)
FNDA:1,(anonymous_1)
DA:1,1
DA:2,1
DA:3,1
DA:4,0
DA:5,1
DA:8,1
DA:10,1
DA:13,1
LF:8
LH:7
BRDA:1,0,0,1
BRDA:1,0,1,0
BRDA:1,0,2,1
BRDA:2,1,0,1
BRDA:2,1,1,0
BRDA:2,2,0,0
BRDA:2,2,1,0
BRDA:3,3,0,1
BRDA:3,3,1,0
BRDA:3,4,0,1
BRDA:3,4,1,1
BRDA:4,5,0,0
BRDA:4,5,1,0
BRDA:4,6,0,0
BRDA:4,6,1,0
BRDA:4,7,0,0
BRDA:4,7,1,0
BRDA:4,8,0,0
BRDA:4,8,1,0
BRDA:5,9,0,1
BRDA:5,9,1,0
BRDA:5,9,2,0
BRF:22
BRH:7
end_of_record
TN:
SF:C:\Users\ASUS\Desktop\Nest Js Documentation\prueba\src\user\usercontroller.ts
FN:1,(anonymous_0)
FN:7,(anonymous_1)
FN:10,(anonymous_2)
FN:11,(anonymous_3)
FN:13,(anonymous_4)
FN:14,(anonymous_5)
FN:15,fulfilled
FN:16,rejected
FN:17,step
FN:17,(anonymous_9)
FN:27,(anonymous_10)
FN:30,(anonymous_11)
FN:31,(anonymous_12)
FN:37,(anonymous_13)
FN:38,(anonymous_14)
FN:42,(anonymous_15)
FN:43,(anonymous_16)
FN:48,(anonymous_17)
FN:49,(anonymous_18)
FN:53,(anonymous_19)
FN:54,(anonymous_20)
FN:59,(anonymous_21)
FN:60,(anonymous_22)
FN:64,(anonymous_23)
FN:65,(anonymous_24)
FNF:25
FNH:24
FNDA:8,(anonymous_0)
FNDA:22,(anonymous_1)
FNDA:7,(anonymous_2)
FNDA:7,(anonymous_3)
FNDA:7,(anonymous_4)
FNDA:7,(anonymous_5)
FNDA:7,fulfilled
FNDA:0,rejected
FNDA:14,step
FNDA:7,(anonymous_9)
FNDA:7,(anonymous_10)
FNDA:1,(anonymous_11)
FNDA:1,(anonymous_12)
FNDA:1,(anonymous_13)
FNDA:1,(anonymous_14)
FNDA:1,(anonymous_15)
FNDA:1,(anonymous_16)
FNDA:1,(anonymous_17)
FNDA:1,(anonymous_18)
FNDA:1,(anonymous_19)
FNDA:1,(anonymous_20)
FNDA:1,(anonymous_21)
FNDA:1,(anonymous_22)
FNDA:1,(anonymous_23)
FNDA:1,(anonymous_24)
DA:1,1
DA:2,8
DA:3,8
DA:4,0
DA:5,8
DA:7,1
DA:8,22
DA:10,1
DA:11,7
DA:13,1
DA:14,7
DA:15,7
DA:16,0
DA:17,14
DA:18,7
DA:26,1
DA:28,7
DA:31,1
DA:32,1
DA:33,1
DA:34,1
DA:38,1
DA:39,1
DA:43,1
DA:44,1
DA:45,1
DA:49,1
DA:50,1
DA:54,1
DA:55,1
DA:56,1
DA:60,1
DA:61,1
DA:65,1
DA:66,1
DA:67,1
DA:68,1
DA:72,1
DA:80,1
DA:87,1
DA:95,1
DA:103,1
DA:111,1
DA:119,1
DA:127,1
LF:45
LH:43
BRDA:1,0,0,1
BRDA:1,0,1,0
BRDA:1,0,2,1
BRDA:2,1,0,1
BRDA:2,1,1,7
BRDA:2,2,0,7
BRDA:2,2,1,0
BRDA:3,3,0,8
BRDA:3,3,1,0
BRDA:3,4,0,8
BRDA:3,4,1,8
BRDA:4,5,0,0
BRDA:4,5,1,0
BRDA:4,6,0,0
BRDA:4,6,1,0
BRDA:4,7,0,0
BRDA:4,7,1,0
BRDA:4,8,0,0
BRDA:4,8,1,0
BRDA:5,9,0,8
BRDA:5,9,1,7
BRDA:5,9,2,7
BRDA:7,10,0,1
BRDA:7,10,1,0
BRDA:7,10,2,1
BRDA:8,11,0,22
BRDA:8,11,1,0
BRDA:8,12,0,22
BRDA:8,12,1,22
BRDA:10,13,0,1
BRDA:10,13,1,0
BRDA:10,13,2,1
BRDA:13,14,0,1
BRDA:13,14,1,0
BRDA:13,14,2,1
BRDA:14,15,0,7
BRDA:14,15,1,7
BRDA:17,16,0,7
BRDA:17,16,1,7
BRDA:18,17,0,7
BRDA:18,17,1,7
BRDA:77,18,0,1
BRDA:77,18,1,1
BRDA:77,18,2,0
BRDA:77,19,0,1
BRDA:77,19,1,1
BRDA:78,20,0,1
BRDA:78,20,1,1
BRDA:78,20,2,0
BRDA:78,21,0,1
BRDA:78,21,1,1
BRDA:85,22,0,1
BRDA:85,22,1,1
BRDA:85,22,2,0
BRDA:85,23,0,1
BRDA:85,23,1,1
BRDA:93,24,0,1
BRDA:93,24,1,1
BRDA:93,24,2,0
BRDA:93,25,0,1
BRDA:93,25,1,1
BRDA:101,26,0,1
BRDA:101,26,1,1
BRDA:101,26,2,0
BRDA:101,27,0,1
BRDA:101,27,1,1
BRDA:109,28,0,1
BRDA:109,28,1,1
BRDA:109,28,2,0
BRDA:109,29,0,1
BRDA:109,29,1,1
BRDA:117,30,0,1
BRDA:117,30,1,1
BRDA:117,30,2,0
BRDA:117,31,0,1
BRDA:117,31,1,1
BRDA:124,32,0,1
BRDA:124,32,1,1
BRDA:124,32,2,0
BRDA:124,33,0,1
BRDA:124,33,1,1
BRDA:125,34,0,1
BRDA:125,34,1,1
BRDA:125,34,2,0
BRDA:125,35,0,1
BRDA:125,35,1,1
BRDA:130,36,0,1
BRDA:130,36,1,1
BRDA:130,36,2,0
BRDA:130,37,0,1
BRDA:130,37,1,1
BRF:91
BRH:66
end_of_record
TN:
SF:C:\Users\ASUS\Desktop\Nest Js Documentation\prueba\src\user\userservice.ts
FN:1,(anonymous_0)
FN:7,(anonymous_1)
FN:10,(anonymous_2)
FN:11,(anonymous_3)
FN:13,(anonymous_4)
FN:14,(anonymous_5)
FN:15,fulfilled
FN:16,rejected
FN:17,step
FN:17,(anonymous_9)
FN:26,(anonymous_10)
FN:29,(anonymous_11)
FN:30,(anonymous_12)
FN:35,(anonymous_13)
FN:36,(anonymous_14)
FN:40,(anonymous_15)
FN:41,(anonymous_16)
FN:45,(anonymous_17)
FN:46,(anonymous_18)
FN:51,(anonymous_19)
FN:52,(anonymous_20)
FN:57,(anonymous_21)
FN:58,(anonymous_22)
FN:63,(anonymous_23)
FN:64,(anonymous_24)
FNF:25
FNH:5
FNDA:1,(anonymous_0)
FNDA:1,(anonymous_1)
FNDA:1,(anonymous_2)
FNDA:1,(anonymous_3)
FNDA:0,(anonymous_4)
FNDA:0,(anonymous_5)
FNDA:0,fulfilled
FNDA:0,rejected
FNDA:0,step
FNDA:0,(anonymous_9)
FNDA:7,(anonymous_10)
FNDA:0,(anonymous_11)
FNDA:0,(anonymous_12)
FNDA:0,(anonymous_13)
FNDA:0,(anonymous_14)
FNDA:0,(anonymous_15)
FNDA:0,(anonymous_16)
FNDA:0,(anonymous_17)
FNDA:0,(anonymous_18)
FNDA:0,(anonymous_19)
FNDA:0,(anonymous_20)
FNDA:0,(anonymous_21)
FNDA:0,(anonymous_22)
FNDA:0,(anonymous_23)
FNDA:0,(anonymous_24)
DA:1,1
DA:2,1
DA:3,1
DA:4,0
DA:5,1
DA:7,1
DA:8,1
DA:10,1
DA:11,1
DA:13,1
DA:14,0
DA:15,0
DA:16,0
DA:17,0
DA:18,0
DA:25,1
DA:27,7
DA:30,0
DA:31,0
DA:32,0
DA:36,0
DA:37,0
DA:41,0
DA:42,0
DA:46,0
DA:47,0
DA:48,0
DA:52,0
DA:53,0
DA:54,0
DA:58,0
DA:59,0
DA:60,0
DA:64,0
DA:65,0
DA:66,0
DA:67,0
DA:70,0
DA:75,1
LF:39
LH:12
BRDA:1,0,0,1
BRDA:1,0,1,0
BRDA:1,0,2,1
BRDA:2,1,0,1
BRDA:2,1,1,0
BRDA:2,2,0,0
BRDA:2,2,1,0
BRDA:3,3,0,1
BRDA:3,3,1,0
BRDA:3,4,0,1
BRDA:3,4,1,1
BRDA:4,5,0,0
BRDA:4,5,1,0
BRDA:4,6,0,0
BRDA:4,6,1,0
BRDA:4,7,0,0
BRDA:4,7,1,0
BRDA:4,8,0,0
BRDA:4,8,1,0
BRDA:5,9,0,1
BRDA:5,9,1,0
BRDA:5,9,2,0
BRDA:7,10,0,1
BRDA:7,10,1,0
BRDA:7,10,2,1
BRDA:8,11,0,1
BRDA:8,11,1,0
BRDA:8,12,0,1
BRDA:8,12,1,1
BRDA:10,13,0,1
BRDA:10,13,1,0
BRDA:10,13,2,1
BRDA:13,14,0,1
BRDA:13,14,1,0
BRDA:13,14,2,1
BRDA:14,15,0,0
BRDA:14,15,1,0
BRDA:17,16,0,0
BRDA:17,16,1,0
BRDA:18,17,0,0
BRDA:18,17,1,0
BRDA:66,18,0,0
BRDA:66,18,1,0
BRDA:78,19,0,1
BRDA:78,19,1,1
BRDA:78,19,2,0
BRDA:78,20,0,1
BRDA:78,20,1,1
BRF:48
BRH:20
end_of_record
TN:
SF:C:\Users\ASUS\Desktop\Nest Js Documentation\prueba\src\user\dto\user.dto.ts
FN:1,(anonymous_0)
FN:7,(anonymous_1)
FNF:2
FNH:2
FNDA:2,(anonymous_0)
FNDA:2,(anonymous_1)
DA:1,1
DA:2,2
DA:3,2
DA:4,0
DA:5,2
DA:7,1
DA:8,2
DA:13,1
DA:17,1
LF:9
LH:8
BRDA:1,0,0,1
BRDA:1,0,1,0
BRDA:1,0,2,1
BRDA:2,1,0,0
BRDA:2,1,1,2
BRDA:2,2,0,0
BRDA:2,2,1,2
BRDA:3,3,0,2
BRDA:3,3,1,0
BRDA:3,4,0,2
BRDA:3,4,1,2
BRDA:4,5,0,0
BRDA:4,5,1,0
BRDA:4,6,0,0
BRDA:4,6,1,0
BRDA:4,7,0,0
BRDA:4,7,1,0
BRDA:4,8,0,0
BRDA:4,8,1,0
BRDA:5,9,0,2
BRDA:5,9,1,2
BRDA:5,9,2,0
BRDA:7,10,0,1
BRDA:7,10,1,0
BRDA:7,10,2,1
BRDA:8,11,0,2
BRDA:8,11,1,0
BRDA:8,12,0,2
BRDA:8,12,1,2
BRF:29
BRH:14
end_of_record
